TN:
SF:/workspace/include/DataSink.h
FNL:0,8,8
FNA:0,0,_ZN9CDataSinkD0Ev
FNA:0,18,_ZN9CDataSinkD2Ev
FNF:1
FNH:1
DA:8,18
LF:1
LH:1
end_of_record
TN:
SF:/workspace/src/StringDataSink.cpp
FNL:0,12,15
FNA:0,12,_ZN15CStringDataSink5WriteERKSt6vectorIcSaIcEE
FNL:1,3,5
FNA:1,36,_ZNK15CStringDataSink6StringB5cxx11Ev
FNL:2,7,10
FNA:2,30,_ZN15CStringDataSink3PutERKc
FNF:3
FNH:3
DA:3,36
DA:4,36
DA:7,30
DA:8,60
DA:9,30
DA:12,12
DA:13,24
DA:14,12
LF:8
LH:8
end_of_record
TN:
SF:/workspace/src/svg.c
FNL:0,103,130
FNA:0,10,svg_rect
FNL:1,132,155
FNA:1,8,svg_line
FNL:2,158,169
FNA:2,4,svg_group_begin
FNL:3,171,174
FNA:3,2,svg_group_end
FNL:4,25,60
FNA:4,31,svg_create
FNL:5,62,70
FNA:5,28,svg_destroy
FNL:6,73,100
FNA:6,10,svg_circle
FNF:7
FNH:7
DA:25,31
DA:30,31
DA:31,31
DA:32,31
DA:33,31
DA:35,31
DA:36,3
DA:38,28
DA:39,2
DA:42,26
DA:43,0
DA:46,26
DA:48,26
DA:49,26
DA:52,26
DA:53,26
DA:54,26
DA:55,26
DA:56,26
DA:58,26
DA:62,28
DA:64,28
DA:65,26
DA:66,26
DA:67,26
DA:69,2
DA:73,10
DA:78,10
DA:79,2
DA:81,8
DA:82,2
DA:84,6
DA:85,2
DA:87,4
DA:88,2
DA:90,2
DA:91,2
DA:92,2
DA:93,2
DA:94,2
DA:95,2
DA:96,2
DA:97,2
DA:99,2
DA:103,10
DA:108,10
DA:109,2
DA:111,8
DA:112,2
DA:114,6
DA:115,2
DA:117,4
DA:118,2
DA:120,2
DA:121,2
DA:122,2
DA:123,2
DA:124,2
DA:125,2
DA:126,2
DA:127,2
DA:129,2
DA:132,8
DA:136,8
DA:137,2
DA:139,6
DA:140,2
DA:142,4
DA:143,2
DA:145,2
DA:146,2
DA:147,2
DA:148,2
DA:149,2
DA:150,2
DA:151,2
DA:152,2
DA:154,2
DA:158,4
DA:160,4
DA:161,2
DA:163,2
DA:164,2
DA:165,2
DA:166,2
DA:167,2
DA:168,2
DA:171,2
DA:173,2
LF:89
LH:88
end_of_record
