TN:
SF:/workspace/include/BusSystem.h
FNL:0,13,13
FNA:0,0,_ZN10CBusSystem5SStopD0Ev
FNA:0,2,_ZN10CBusSystem5SStopD2Ev
FNL:1,21,21
FNA:1,0,_ZN10CBusSystem6SRouteD0Ev
FNA:1,2,_ZN10CBusSystem6SRouteD2Ev
FNL:2,28,28
FNA:2,0,_ZN10CBusSystem5SPathD0Ev
FNA:2,1,_ZN10CBusSystem5SPathD2Ev
FNL:3,35,35
FNA:3,0,_ZN10CBusSystemD0Ev
FNA:3,1,_ZN10CBusSystemD2Ev
FNF:4
FNH:4
DA:13,2
DA:21,2
DA:28,1
DA:35,1
LF:4
LH:4
end_of_record
TN:
SF:/workspace/include/DataSink.h
FNL:0,8,8
FNA:0,0,_ZN9CDataSinkD0Ev
FNA:0,10,_ZN9CDataSinkD2Ev
FNF:1
FNH:1
DA:8,10
LF:1
LH:1
end_of_record
TN:
SF:/workspace/include/DataSource.h
FNL:0,8,8
FNA:0,0,_ZN11CDataSourceD0Ev
FNA:0,21,_ZN11CDataSourceD2Ev
FNF:1
FNH:1
DA:8,21
LF:1
LH:1
end_of_record
TN:
SF:/workspace/include/StreetMap.h
FNL:0,19,19
FNA:0,0,_ZN10CStreetMap9SLocationC2Edd
FNL:1,29,29
FNA:1,0,_ZN10CStreetMap5SNodeD0Ev
FNA:1,0,_ZN10CStreetMap5SNodeD2Ev
FNL:2,39,39
FNA:2,0,_ZN10CStreetMap4SWayD0Ev
FNA:2,0,_ZN10CStreetMap4SWayD2Ev
FNL:3,49,49
FNA:3,0,_ZN10CStreetMapD0Ev
FNA:3,0,_ZN10CStreetMapD2Ev
FNF:4
FNH:0
DA:19,0
DA:29,0
DA:39,0
DA:49,0
LF:4
LH:0
end_of_record
TN:
SF:/workspace/include/XMLEntity.h
FNL:0,17,24
FNA:0,0,_ZNK10SXMLEntity15AttributeExistsERKNSt7__cxx1112basic_stringIcSt11char_traitsIcESaIcEEE
FNL:1,26,33
FNA:1,19,_ZNK10SXMLEntity14AttributeValueERKNSt7__cxx1112basic_stringIcSt11char_traitsIcESaIcEEE
FNF:2
FNH:1
DA:17,0
DA:18,0
DA:19,0
DA:20,0
DA:23,0
DA:26,19
DA:27,27
DA:28,27
DA:29,19
DA:32,0
LF:10
LH:4
end_of_record
TN:
SF:/workspace/src/OpenStreetMap.cpp
FNL:0,101,103
FNA:0,0,_ZN14COpenStreetMap15SImplementation4SWayD0Ev
FNA:0,0,_ZN14COpenStreetMap15SImplementation4SWayD2Ev
FNL:1,105,107
FNA:1,0,_ZNK14COpenStreetMap15SImplementation4SWay2IDEv
FNL:2,109,126
FNA:2,0,_ZNK14COpenStreetMap15SImplementation4SWay9NodeCountEv
FNL:3,128,134
FNA:3,0,_ZNK14COpenStreetMap15SImplementation4SWay9GetNodeIDEm
FNL:4,136,146
FNA:4,0,_ZNK14COpenStreetMap15SImplementation4SWay14AttributeCountEv
FNL:5,148,154
FNA:5,0,_ZNK14COpenStreetMap15SImplementation4SWay15GetAttributeKeyB5cxx11Em
FNL:6,156,159
FNA:6,0,_ZNK14COpenStreetMap15SImplementation4SWay12HasAttributeERKNSt7__cxx1112basic_stringIcSt11char_traitsIcESaIcEEE
FNL:7,161,167
FNA:7,0,_ZNK14COpenStreetMap15SImplementation4SWay12GetAttributeERKNSt7__cxx1112basic_stringIcSt11char_traitsIcESaIcEEE
FNL:8,174,182
FNA:8,0,_ZN14COpenStreetMap15SImplementation12FindStartTagESt10shared_ptrI10CXMLReaderERKNSt7__cxx1112basic_stringIcSt11char_traitsIcESaIcEEE
FNL:9,184,192
FNA:9,0,_ZN14COpenStreetMap15SImplementation10FindEndTagESt10shared_ptrI10CXMLReaderERKNSt7__cxx1112basic_stringIcSt11char_traitsIcESaIcEEE
FNL:10,194,216
FNA:10,0,_ZN14COpenStreetMap15SImplementation8ParseOSMESt10shared_ptrI10CXMLReaderE
FNL:11,21,30
FNA:11,0,_ZN14COpenStreetMap15SImplementation5SNodeC2ERK10SXMLEntity
FNL:12,218,220
FNA:12,0,_ZN14COpenStreetMap15SImplementationC2ESt10shared_ptrI10CXMLReaderE
FNL:13,222,224
FNA:13,0,_ZNK14COpenStreetMap15SImplementation9NodeCountEv
FNL:14,226,228
FNA:14,0,_ZNK14COpenStreetMap15SImplementation8WayCountEv
FNL:15,230,235
FNA:15,0,_ZNK14COpenStreetMap15SImplementation11NodeByIndexEm
FNL:16,237,243
FNA:16,0,_ZNK14COpenStreetMap15SImplementation8NodeByIDEm
FNL:17,245,250
FNA:17,0,_ZNK14COpenStreetMap15SImplementation10WayByIndexEm
FNL:18,252,258
FNA:18,0,_ZNK14COpenStreetMap15SImplementation7WayByIDEm
FNL:19,263,265
FNA:19,0,_ZN14COpenStreetMapC2ESt10shared_ptrI10CXMLReaderE
FNL:20,267,269
FNA:20,0,_ZN14COpenStreetMapD0Ev
FNA:20,0,_ZN14COpenStreetMapD2Ev
FNL:21,271,273
FNA:21,0,_ZNK14COpenStreetMap9NodeCountEv
FNL:22,275,277
FNA:22,0,_ZNK14COpenStreetMap8WayCountEv
FNL:23,279,281
FNA:23,0,_ZNK14COpenStreetMap11NodeByIndexEm
FNL:24,283,285
FNA:24,0,_ZNK14COpenStreetMap8NodeByIDEm
FNL:25,287,289
FNA:25,0,_ZNK14COpenStreetMap10WayByIndexEm
FNL:26,291,293
FNA:26,0,_ZNK14COpenStreetMap7WayByIDEm
FNL:27,31,33
FNA:27,0,_ZN14COpenStreetMap15SImplementation5SNodeD0Ev
FNA:27,0,_ZN14COpenStreetMap15SImplementation5SNodeD2Ev
FNL:28,35,37
FNA:28,0,_ZNK14COpenStreetMap15SImplementation5SNode2IDEv
FNL:29,39,41
FNA:29,0,_ZNK14COpenStreetMap15SImplementation5SNode8LocationEv
FNL:30,43,53
FNA:30,0,_ZNK14COpenStreetMap15SImplementation5SNode14AttributeCountEv
FNL:31,55,61
FNA:31,0,_ZNK14COpenStreetMap15SImplementation5SNode15GetAttributeKeyB5cxx11Em
FNL:32,63,66
FNA:32,0,_ZNK14COpenStreetMap15SImplementation5SNode12HasAttributeERKNSt7__cxx1112basic_stringIcSt11char_traitsIcESaIcEEE
FNL:33,68,74
FNA:33,0,_ZNK14COpenStreetMap15SImplementation5SNode12GetAttributeERKNSt7__cxx1112basic_stringIcSt11char_traitsIcESaIcEEE
FNL:34,91,99
FNA:34,0,_ZN14COpenStreetMap15SImplementation4SWayC2ERK10SXMLEntity
FNF:35
FNH:0
DA:21,0
DA:23,0
DA:24,0
DA:25,0
DA:26,0
DA:27,0
DA:30,0
DA:31,0
DA:33,0
DA:35,0
DA:36,0
DA:39,0
DA:40,0
DA:43,0
DA:44,0
DA:52,0
DA:53,0
DA:55,0
DA:56,0
DA:57,0
DA:58,0
DA:60,0
DA:61,0
DA:63,0
DA:64,0
DA:65,0
DA:66,0
DA:68,0
DA:69,0
DA:70,0
DA:71,0
DA:73,0
DA:74,0
DA:91,0
DA:92,0
DA:93,0
DA:95,0
DA:97,0
DA:99,0
DA:101,0
DA:103,0
DA:105,0
DA:106,0
DA:109,0
DA:125,0
DA:128,0
DA:133,0
DA:136,0
DA:137,0
DA:145,0
DA:146,0
DA:148,0
DA:149,0
DA:150,0
DA:151,0
DA:153,0
DA:154,0
DA:156,0
DA:157,0
DA:158,0
DA:159,0
DA:161,0
DA:162,0
DA:163,0
DA:164,0
DA:166,0
DA:167,0
DA:174,0
DA:175,0
DA:176,0
DA:177,0
DA:178,0
DA:181,0
DA:182,0
DA:184,0
DA:185,0
DA:186,0
DA:187,0
DA:188,0
DA:191,0
DA:192,0
DA:194,0
DA:195,0
DA:196,0
DA:197,0
DA:199,0
DA:200,0
DA:201,0
DA:202,0
DA:203,0
DA:204,0
DA:205,0
DA:207,0
DA:208,0
DA:209,0
DA:210,0
DA:211,0
DA:212,0
DA:216,0
DA:218,0
DA:219,0
DA:220,0
DA:222,0
DA:223,0
DA:226,0
DA:227,0
DA:230,0
DA:231,0
DA:232,0
DA:234,0
DA:237,0
DA:238,0
DA:239,0
DA:240,0
DA:242,0
DA:245,0
DA:246,0
DA:247,0
DA:249,0
DA:252,0
DA:253,0
DA:254,0
DA:255,0
DA:257,0
DA:263,0
DA:264,0
DA:265,0
DA:267,0
DA:269,0
DA:271,0
DA:272,0
DA:275,0
DA:276,0
DA:279,0
DA:280,0
DA:283,0
DA:284,0
DA:287,0
DA:288,0
DA:291,0
DA:292,0
LF:141
LH:0
end_of_record
TN:
SF:/workspace/src/SVGWriter.cpp
FNL:0,102,104
FNA:0,2,_ZN10CSVGWriter9RectangleERK9SSVGPointRK8SSVGSizeRKSt6vectorISt4pairINSt7__cxx1112basic_stringIcSt11char_traitsIcESaIcEEESD_ESaISE_EE
FNL:1,106,108
FNA:1,2,_ZN10CSVGWriter4LineERK9SSVGPointS2_RKSt6vectorISt4pairINSt7__cxx1112basic_stringIcSt11char_traitsIcESaIcEEESA_ESaISB_EE
FNL:2,110,112
FNA:2,2,_ZN10CSVGWriter10SimplePathESt6vectorI9SSVGPointSaIS1_EERKS0_ISt4pairINSt7__cxx1112basic_stringIcSt11char_traitsIcESaIcEEESA_ESaISB_EE
FNL:3,114,116
FNA:3,2,_ZN10CSVGWriter10GroupBeginERKSt6vectorISt4pairINSt7__cxx1112basic_stringIcSt11char_traitsIcESaIcEEES7_ESaIS8_EE
FNL:4,118,120
FNA:4,2,_ZN10CSVGWriter8GroupEndEv
FNL:5,14,21
FNA:5,68,_ZN10CSVGWriter15SImplementation13WriteFunctionEPvPKc
FNL:6,24,27
FNA:6,7,_ZN10CSVGWriter15SImplementationC2ESt10shared_ptrI9CDataSinkEii
FNL:7,29,31
FNA:7,7,_ZN10CSVGWriter15SImplementationD2Ev
FNL:8,33,43
FNA:8,10,_ZN10CSVGWriter15SImplementation17CreateStyleStringERKSt6vectorISt4pairINSt7__cxx1112basic_stringIcSt11char_traitsIcESaIcEEES8_ESaIS9_EE
FNL:9,45,49
FNA:9,2,_ZN10CSVGWriter15SImplementation6CircleERK9SSVGPointdRKSt6vectorISt4pairINSt7__cxx1112basic_stringIcSt11char_traitsIcESaIcEEESB_ESaISC_EE
FNL:10,51,57
FNA:10,2,_ZN10CSVGWriter15SImplementation9RectangleERK9SSVGPointRK8SSVGSizeRKSt6vectorISt4pairINSt7__cxx1112basic_stringIcSt11char_traitsIcESaIcEEESE_ESaISF_EE
FNL:11,58,63
FNA:11,2,_ZN10CSVGWriter15SImplementation4LineERK9SSVGPointS3_RKSt6vectorISt4pairINSt7__cxx1112basic_stringIcSt11char_traitsIcESaIcEEESB_ESaISC_EE
FNL:12,65,76
FNA:12,2,_ZN10CSVGWriter15SImplementation10SimplePathESt6vectorI9SSVGPointSaIS2_EERKS1_ISt4pairINSt7__cxx1112basic_stringIcSt11char_traitsIcESaIcEEESB_ESaISC_EE
FNL:13,78,82
FNA:13,2,_ZN10CSVGWriter15SImplementation10GroupBeginERKSt6vectorISt4pairINSt7__cxx1112basic_stringIcSt11char_traitsIcESaIcEEES8_ESaIS9_EE
FNL:14,84,86
FNA:14,2,_ZN10CSVGWriter15SImplementation8GroupEndEv
FNL:15,90,92
FNA:15,7,_ZN10CSVGWriterC2ESt10shared_ptrI9CDataSinkEii
FNL:16,94,96
FNA:16,7,_ZN10CSVGWriterD2Ev
FNL:17,98,100
FNA:17,2,_ZN10CSVGWriter6CircleERK9SSVGPointdRKSt6vectorISt4pairINSt7__cxx1112basic_stringIcSt11char_traitsIcESaIcEEESA_ESaISB_EE
FNF:18
FNH:18
DA:14,68
DA:15,68
DA:16,2787
DA:17,2719
DA:18,2719
DA:20,68
DA:24,7
DA:25,7
DA:26,7
DA:27,7
DA:29,7
DA:30,7
DA:31,7
DA:33,10
DA:34,10
DA:35,34
DA:36,24
DA:37,24
DA:39,24
DA:40,24
DA:41,10
DA:42,10
DA:43,0
DA:45,2
DA:46,2
DA:47,2
DA:48,4
DA:49,2
DA:51,2
DA:52,2
DA:53,2
DA:54,2
DA:55,4
DA:57,2
DA:58,2
DA:59,2
DA:60,2
DA:61,2
DA:62,4
DA:63,2
DA:65,2
DA:66,2
DA:67,24
DA:68,12
DA:69,12
DA:70,12
DA:71,4
DA:73,10
DA:76,2
DA:78,2
DA:79,2
DA:80,4
DA:82,2
DA:84,2
DA:85,2
DA:90,7
DA:91,7
DA:92,7
DA:94,7
DA:96,7
DA:98,2
DA:99,2
DA:102,2
DA:103,2
DA:106,2
DA:107,2
DA:110,2
DA:111,2
DA:114,2
DA:115,2
DA:118,2
DA:119,2
LF:72
LH:71
end_of_record
TN:
SF:/workspace/src/StringDataSink.cpp
FNL:0,12,15
FNA:0,2,_ZN15CStringDataSink5WriteERKSt6vectorIcSaIcEE
FNL:1,3,5
FNA:1,49,_ZNK15CStringDataSink6StringB5cxx11Ev
FNL:2,7,10
FNA:2,1637,_ZN15CStringDataSink3PutERKc
FNF:3
FNH:3
DA:3,49
DA:4,49
DA:7,1637
DA:8,3274
DA:9,1637
DA:12,2
DA:13,4
DA:14,2
LF:8
LH:8
end_of_record
TN:
SF:/workspace/src/StringDataSource.cpp
FNL:0,11,18
FNA:0,1496,_ZN17CStringDataSource3GetERc
FNL:1,20,26
FNA:1,11,_ZN17CStringDataSource4PeekERc
FNL:2,28,40
FNA:2,12,_ZN17CStringDataSource4ReadERSt6vectorIcSaIcEEm
FNL:3,3,5
FNA:3,21,_ZN17CStringDataSourceC2ERKNSt7__cxx1112basic_stringIcSt11char_traitsIcESaIcEEE
FNL:4,7,9
FNA:4,39,_ZNK17CStringDataSource3EndEv
FNF:5
FNH:5
DA:3,21
DA:5,21
DA:7,39
DA:8,39
DA:11,1496
DA:12,1496
DA:13,1484
DA:14,1484
DA:15,1484
DA:17,12
DA:20,11
DA:21,11
DA:22,9
DA:23,9
DA:25,2
DA:28,12
DA:29,12
DA:30,1494
DA:32,1493
DA:33,1482
DA:36,11
DA:39,12
LF:22
LH:22
end_of_record
TN:
SF:/workspace/src/XMLBusSystem.cpp
FNL:0,100,100
FNA:0,0,_ZN13CXMLBusSystem15SImplementation5SPathD0Ev
FNA:0,1,_ZN13CXMLBusSystem15SImplementation5SPathD2Ev
FNL:1,102,105
FNA:1,1,_ZNK13CXMLBusSystem15SImplementation5SPath11StartNodeIDEv
FNL:2,106,109
FNA:2,1,_ZNK13CXMLBusSystem15SImplementation5SPath9EndNodeIDEv
FNL:3,110,113
FNA:3,1,_ZNK13CXMLBusSystem15SImplementation5SPath9NodeCountEv
FNL:4,114,120
FNA:4,1,_ZNK13CXMLBusSystem15SImplementation5SPath9GetNodeIDEm
FNL:5,125,133
FNA:5,4,_ZN13CXMLBusSystem15SImplementation12FindStartTagESt10shared_ptrI10CXMLReaderERKNSt7__cxx1112basic_stringIcSt11char_traitsIcESaIcEEE
FNL:6,135,143
FNA:6,2,_ZN13CXMLBusSystem15SImplementation10FindEndTagESt10shared_ptrI10CXMLReaderERKNSt7__cxx1112basic_stringIcSt11char_traitsIcESaIcEEE
FNL:7,148,156
FNA:7,2,_ZN13CXMLBusSystem15SImplementation9ParseStopESt10shared_ptrI10CXMLReaderERK10SXMLEntity
FNL:8,158,170
FNA:8,1,_ZN13CXMLBusSystem15SImplementation10ParseStopsESt10shared_ptrI10CXMLReaderE
FNL:9,175,194
FNA:9,2,_ZN13CXMLBusSystem15SImplementation10ParseRouteESt10shared_ptrI10CXMLReaderERK10SXMLEntity
FNL:10,196,210
FNA:10,1,_ZN13CXMLBusSystem15SImplementation11ParseRoutesESt10shared_ptrI10CXMLReaderE
FNL:11,214,233
FNA:11,1,_ZN13CXMLBusSystem15SImplementation9ParsePathESt10shared_ptrI10CXMLReaderERK10SXMLEntity
FNL:12,236,249
FNA:12,1,_ZN13CXMLBusSystem15SImplementation10ParsePathsESt10shared_ptrI10CXMLReaderE
FNL:13,251,274
FNA:13,1,_ZN13CXMLBusSystem15SImplementation14ParseBusSystemESt10shared_ptrI10CXMLReaderES3_
FNL:14,276,279
FNA:14,1,_ZN13CXMLBusSystem15SImplementationC2ESt10shared_ptrI10CXMLReaderES3_
FNL:15,281,283
FNA:15,1,_ZNK13CXMLBusSystem15SImplementation9StopCountEv
FNL:16,285,287
FNA:16,1,_ZNK13CXMLBusSystem15SImplementation10RouteCountEv
FNL:17,289,294
FNA:17,2,_ZNK13CXMLBusSystem15SImplementation11StopByIndexEm
FNL:18,296,303
FNA:18,2,_ZNK13CXMLBusSystem15SImplementation8StopByIDEm
FNL:19,305,310
FNA:19,2,_ZNK13CXMLBusSystem15SImplementation12RouteByIndexEm
FNL:20,312,319
FNA:20,2,_ZNK13CXMLBusSystem15SImplementation11RouteByNameERKNSt7__cxx1112basic_stringIcSt11char_traitsIcESaIcEEE
FNL:21,321,329
FNA:21,1,_ZNK13CXMLBusSystem15SImplementation13PathByStopIDsEmm
FNL:22,336,338
FNA:22,1,_ZN13CXMLBusSystemC2ESt10shared_ptrI10CXMLReaderES2_
FNL:23,34,38
FNA:23,2,_ZN13CXMLBusSystem15SImplementation5SStopC2EmmRKNSt7__cxx1112basic_stringIcSt11char_traitsIcESaIcEEE
FNL:24,340,342
FNA:24,0,_ZN13CXMLBusSystemD0Ev
FNA:24,1,_ZN13CXMLBusSystemD2Ev
FNL:25,344,346
FNA:25,1,_ZNK13CXMLBusSystem9StopCountEv
FNL:26,348,350
FNA:26,1,_ZNK13CXMLBusSystem10RouteCountEv
FNL:27,352,354
FNA:27,2,_ZNK13CXMLBusSystem11StopByIndexEm
FNL:28,356,358
FNA:28,2,_ZNK13CXMLBusSystem8StopByIDEm
FNL:29,360,362
FNA:29,2,_ZNK13CXMLBusSystem12RouteByIndexEm
FNL:30,364,366
FNA:30,2,_ZNK13CXMLBusSystem11RouteByNameERKNSt7__cxx1112basic_stringIcSt11char_traitsIcESaIcEEE
FNL:31,368,370
FNA:31,1,_ZNK13CXMLBusSystem13PathByStopIDsEmm
FNL:32,39,39
FNA:32,0,_ZN13CXMLBusSystem15SImplementation5SStopD0Ev
FNA:32,2,_ZN13CXMLBusSystem15SImplementation5SStopD2Ev
FNL:33,41,43
FNA:33,2,_ZNK13CXMLBusSystem15SImplementation5SStop2IDEv
FNL:34,45,47
FNA:34,2,_ZNK13CXMLBusSystem15SImplementation5SStop6NodeIDEv
FNL:35,49,51
FNA:35,2,_ZNK13CXMLBusSystem15SImplementation5SStop11DescriptionB5cxx11Ev
FNL:36,53,56
FNA:36,0,_ZN13CXMLBusSystem15SImplementation5SStop11DescriptionERKNSt7__cxx1112basic_stringIcSt11char_traitsIcESaIcEEE
FNL:37,64,67
FNA:37,2,_ZN13CXMLBusSystem15SImplementation6SRouteC2ENSt7__cxx1112basic_stringIcSt11char_traitsIcESaIcEEESt6vectorImSaImEE
FNL:38,69,69
FNA:38,0,_ZN13CXMLBusSystem15SImplementation6SRouteD0Ev
FNA:38,2,_ZN13CXMLBusSystem15SImplementation6SRouteD2Ev
FNL:39,71,74
FNA:39,2,_ZNK13CXMLBusSystem15SImplementation6SRoute4NameB5cxx11Ev
FNL:40,75,78
FNA:40,2,_ZNK13CXMLBusSystem15SImplementation6SRoute9StopCountEv
FNL:41,79,85
FNA:41,2,_ZNK13CXMLBusSystem15SImplementation6SRoute9GetStopIDEm
FNL:42,94,98
FNA:42,1,_ZN13CXMLBusSystem15SImplementation5SPathC2EmmSt6vectorImSaImEE
FNF:43
FNH:42
DA:34,2
DA:35,2
DA:36,2
DA:37,2
DA:38,2
DA:39,2
DA:41,2
DA:42,2
DA:45,2
DA:46,2
DA:49,2
DA:50,2
DA:53,0
DA:54,0
DA:55,0
DA:64,2
DA:65,2
DA:66,2
DA:67,2
DA:69,2
DA:71,2
DA:72,2
DA:75,2
DA:76,2
DA:79,2
DA:80,2
DA:81,0
DA:83,2
DA:94,1
DA:95,1
DA:96,1
DA:97,1
DA:98,1
DA:100,1
DA:102,1
DA:103,1
DA:106,1
DA:107,1
DA:110,1
DA:111,1
DA:114,1
DA:115,1
DA:116,0
DA:118,1
DA:125,4
DA:126,4
DA:127,4
DA:128,4
DA:129,4
DA:132,0
DA:133,4
DA:135,2
DA:136,2
DA:137,2
DA:138,2
DA:139,2
DA:142,0
DA:143,2
DA:148,2
DA:149,2
DA:150,2
DA:151,2
DA:152,2
DA:154,2
DA:155,2
DA:156,2
DA:158,1
DA:159,1
DA:162,5
DA:163,0
DA:166,5
DA:167,2
DA:169,5
DA:170,1
DA:175,2
DA:176,2
DA:177,2
DA:178,2
DA:182,12
DA:183,0
DA:185,12
DA:186,5
DA:187,5
DA:189,12
DA:191,2
DA:192,2
DA:193,2
DA:194,2
DA:196,1
DA:197,1
DA:200,3
DA:202,0
DA:205,3
DA:206,2
DA:209,3
DA:210,1
DA:214,1
DA:215,1
DA:216,1
DA:217,1
DA:218,1
DA:221,11
DA:222,0
DA:224,11
DA:225,3
DA:226,3
DA:228,11
DA:230,1
DA:231,1
DA:232,1
DA:233,1
DA:236,1
DA:237,1
DA:240,3
DA:241,0
DA:243,3
DA:244,1
DA:246,3
DA:249,1
DA:251,1
DA:252,1
DA:253,1
DA:254,0
DA:255,0
DA:257,1
DA:258,0
DA:259,0
DA:261,1
DA:263,1
DA:264,0
DA:265,0
DA:267,1
DA:269,1
DA:270,0
DA:271,0
DA:273,1
DA:274,1
DA:276,35
DA:277,1
DA:279,1
DA:281,1
DA:282,1
DA:285,1
DA:286,1
DA:289,2
DA:290,2
DA:291,0
DA:293,2
DA:296,2
DA:297,2
DA:298,2
DA:299,0
DA:301,2
DA:305,2
DA:306,2
DA:307,0
DA:309,2
DA:312,2
DA:313,2
DA:314,2
DA:315,0
DA:317,2
DA:321,1
DA:322,1
DA:323,1
DA:324,1
DA:325,0
DA:327,1
DA:329,1
DA:336,1
DA:337,1
DA:338,1
DA:340,1
DA:342,1
DA:344,1
DA:345,1
DA:348,1
DA:349,1
DA:352,2
DA:353,2
DA:356,2
DA:357,2
DA:360,2
DA:361,2
DA:364,2
DA:365,2
DA:368,1
DA:369,1
LF:188
LH:163
end_of_record
TN:
SF:/workspace/src/XMLReader.cpp
FNL:0,10,20
FNA:0,23,_ZN10CXMLReader15SImplementation19StartElementHandlerEPvPKcPS3_
FNL:1,22,29
FNA:1,23,_ZN10CXMLReader15SImplementation17EndElementHandlerEPvPKc
FNL:2,30,39
FNA:2,36,_ZN10CXMLReader15SImplementation20CharacterDataHandlerEPvPKci
FNL:3,41,49
FNA:3,10,_ZN10CXMLReader15SImplementationC2ESt10shared_ptrI11CDataSourceE
FNL:4,51,53
FNA:4,10,_ZN10CXMLReader15SImplementationD2Ev
FNL:5,56,59
FNA:5,10,_ZN10CXMLReaderC2ESt10shared_ptrI11CDataSourceE
FNL:6,61,63
FNA:6,10,_ZN10CXMLReaderD2Ev
FNL:7,65,67
FNA:7,53,_ZNK10CXMLReader3EndEv
FNL:8,69,95
FNA:8,53,_ZN10CXMLReader10ReadEntityER10SXMLEntityb
FNF:9
FNH:9
DA:10,23
DA:11,23
DA:12,23
DA:13,23
DA:14,23
DA:16,44
DA:17,21
DA:19,23
DA:20,23
DA:22,23
DA:23,23
DA:24,23
DA:25,23
DA:26,23
DA:28,23
DA:29,23
DA:30,36
DA:31,36
DA:32,36
DA:34,36
DA:35,72
DA:36,36
DA:38,36
DA:39,36
DA:41,10
DA:42,10
DA:43,10
DA:45,10
DA:46,10
DA:47,10
DA:48,10
DA:49,10
DA:51,10
DA:52,10
DA:53,10
DA:56,10
DA:57,10
DA:59,10
DA:61,10
DA:63,10
DA:65,53
DA:66,53
DA:69,53
DA:70,53
DA:71,1
DA:73,52
DA:74,43
DA:75,43
DA:77,43
DA:78,22
DA:79,22
DA:81,43
DA:83,18
DA:84,9
DA:85,9
DA:86,9
DA:87,9
DA:88,9
DA:89,9
DA:90,8
DA:91,8
DA:92,8
DA:94,1
LF:63
LH:63
end_of_record
TN:
SF:/workspace/src/svg.c
FNL:0,102,129
FNA:0,5,svg_rect
FNL:1,131,154
FNA:1,4,svg_line
FNL:2,157,168
FNA:2,2,svg_group_begin
FNL:3,170,173
FNA:3,1,svg_group_end
FNL:4,25,59
FNA:4,16,svg_create
FNL:5,61,69
FNA:5,14,svg_destroy
FNL:6,72,99
FNA:6,5,svg_circle
FNF:7
FNH:7
DA:25,16
DA:30,16
DA:31,16
DA:32,16
DA:33,16
DA:35,16
DA:36,1
DA:38,15
DA:39,1
DA:42,14
DA:43,1
DA:46,13
DA:48,13
DA:49,13
DA:52,13
DA:53,13
DA:54,13
DA:55,13
DA:57,13
DA:61,14
DA:63,14
DA:64,13
DA:65,13
DA:66,13
DA:68,1
DA:72,5
DA:77,5
DA:78,1
DA:80,4
DA:81,1
DA:83,3
DA:84,1
DA:86,2
DA:87,1
DA:89,1
DA:90,1
DA:91,1
DA:92,1
DA:93,1
DA:94,1
DA:95,1
DA:96,1
DA:98,1
DA:102,5
DA:107,5
DA:108,1
DA:110,4
DA:111,1
DA:113,3
DA:114,1
DA:116,2
DA:117,1
DA:119,1
DA:120,1
DA:121,1
DA:122,1
DA:123,1
DA:124,1
DA:125,1
DA:126,1
DA:128,1
DA:131,4
DA:135,4
DA:136,1
DA:138,3
DA:139,1
DA:141,2
DA:142,1
DA:144,1
DA:145,1
DA:146,1
DA:147,1
DA:148,1
DA:149,1
DA:150,1
DA:151,1
DA:153,1
DA:157,2
DA:159,2
DA:160,1
DA:162,1
DA:163,1
DA:164,1
DA:165,1
DA:166,1
DA:167,1
DA:170,1
DA:172,1
LF:88
LH:88
end_of_record
