TN:
SF:/workspace/include/DataSink.h
FNL:0,8,8
FNA:0,0,_ZN9CDataSinkD0Ev
FNA:0,39,_ZN9CDataSinkD2Ev
FNF:1
FNH:1
DA:8,39
LF:1
LH:1
end_of_record
TN:
SF:/workspace/include/DataSource.h
FNL:0,8,8
FNA:0,0,_ZN11CDataSourceD0Ev
FNA:0,66,_ZN11CDataSourceD2Ev
FNF:1
FNH:1
DA:8,66
LF:1
LH:1
end_of_record
TN:
SF:/workspace/src/SVGWriter.cpp
FNL:0,102,104
FNA:0,2,_ZN10CSVGWriter9RectangleERK9SSVGPointRK8SSVGSizeRKSt6vectorISt4pairINSt7__cxx1112basic_stringIcSt11char_traitsIcESaIcEEESD_ESaISE_EE
FNL:1,106,108
FNA:1,2,_ZN10CSVGWriter4LineERK9SSVGPointS2_RKSt6vectorISt4pairINSt7__cxx1112basic_stringIcSt11char_traitsIcESaIcEEESA_ESaISB_EE
FNL:2,110,112
FNA:2,2,_ZN10CSVGWriter10SimplePathESt6vectorI9SSVGPointSaIS1_EERKS0_ISt4pairINSt7__cxx1112basic_stringIcSt11char_traitsIcESaIcEEESA_ESaISB_EE
FNL:3,114,116
FNA:3,2,_ZN10CSVGWriter10GroupBeginERKSt6vectorISt4pairINSt7__cxx1112basic_stringIcSt11char_traitsIcESaIcEEES7_ESaIS8_EE
FNL:4,118,120
FNA:4,2,_ZN10CSVGWriter8GroupEndEv
FNL:5,14,21
FNA:5,68,_ZN10CSVGWriter15SImplementation13WriteFunctionEPvPKc
FNL:6,24,27
FNA:6,7,_ZN10CSVGWriter15SImplementationC2ESt10shared_ptrI9CDataSinkEii
FNL:7,29,31
FNA:7,7,_ZN10CSVGWriter15SImplementationD2Ev
FNL:8,33,43
FNA:8,10,_ZN10CSVGWriter15SImplementation17CreateStyleStringERKSt6vectorISt4pairINSt7__cxx1112basic_stringIcSt11char_traitsIcESaIcEEES8_ESaIS9_EE
FNL:9,45,49
FNA:9,2,_ZN10CSVGWriter15SImplementation6CircleERK9SSVGPointdRKSt6vectorISt4pairINSt7__cxx1112basic_stringIcSt11char_traitsIcESaIcEEESB_ESaISC_EE
FNL:10,51,57
FNA:10,2,_ZN10CSVGWriter15SImplementation9RectangleERK9SSVGPointRK8SSVGSizeRKSt6vectorISt4pairINSt7__cxx1112basic_stringIcSt11char_traitsIcESaIcEEESE_ESaISF_EE
FNL:11,58,63
FNA:11,2,_ZN10CSVGWriter15SImplementation4LineERK9SSVGPointS3_RKSt6vectorISt4pairINSt7__cxx1112basic_stringIcSt11char_traitsIcESaIcEEESB_ESaISC_EE
FNL:12,65,76
FNA:12,2,_ZN10CSVGWriter15SImplementation10SimplePathESt6vectorI9SSVGPointSaIS2_EERKS1_ISt4pairINSt7__cxx1112basic_stringIcSt11char_traitsIcESaIcEEESB_ESaISC_EE
FNL:13,78,82
FNA:13,2,_ZN10CSVGWriter15SImplementation10GroupBeginERKSt6vectorISt4pairINSt7__cxx1112basic_stringIcSt11char_traitsIcESaIcEEES8_ESaIS9_EE
FNL:14,84,86
FNA:14,2,_ZN10CSVGWriter15SImplementation8GroupEndEv
FNL:15,90,92
FNA:15,7,_ZN10CSVGWriterC2ESt10shared_ptrI9CDataSinkEii
FNL:16,94,96
FNA:16,7,_ZN10CSVGWriterD2Ev
FNL:17,98,100
FNA:17,2,_ZN10CSVGWriter6CircleERK9SSVGPointdRKSt6vectorISt4pairINSt7__cxx1112basic_stringIcSt11char_traitsIcESaIcEEESA_ESaISB_EE
FNF:18
FNH:18
DA:14,68
DA:15,68
DA:16,2807
DA:17,2739
DA:18,2739
DA:20,68
DA:24,7
DA:25,7
DA:26,7
DA:27,7
DA:29,7
DA:30,7
DA:31,7
DA:33,10
DA:34,10
DA:35,34
DA:36,24
DA:37,24
DA:39,24
DA:40,24
DA:42,10
DA:43,0
DA:45,2
DA:46,2
DA:47,2
DA:48,4
DA:49,2
DA:51,2
DA:52,2
DA:53,2
DA:54,2
DA:55,4
DA:57,2
DA:58,2
DA:59,2
DA:60,2
DA:61,2
DA:62,4
DA:63,2
DA:65,2
DA:66,2
DA:67,24
DA:68,12
DA:69,12
DA:70,12
DA:71,4
DA:73,10
DA:76,2
DA:78,2
DA:79,2
DA:80,4
DA:82,2
DA:84,2
DA:85,2
DA:90,7
DA:91,7
DA:92,7
DA:94,7
DA:96,7
DA:98,2
DA:99,2
DA:102,2
DA:103,2
DA:106,2
DA:107,2
DA:110,2
DA:111,2
DA:114,2
DA:115,2
DA:118,2
DA:119,2
LF:71
LH:70
end_of_record
TN:
SF:/workspace/src/StringDataSink.cpp
FNL:0,12,15
FNA:0,12,_ZN15CStringDataSink5WriteERKSt6vectorIcSaIcEE
FNL:1,3,5
FNA:1,294,_ZNK15CStringDataSink6StringB5cxx11Ev
FNL:2,7,10
FNA:2,9212,_ZN15CStringDataSink3PutERKc
FNF:3
FNH:3
DA:3,294
DA:4,294
DA:7,9212
DA:8,18424
DA:9,9212
DA:12,12
DA:13,24
DA:14,12
LF:8
LH:8
end_of_record
TN:
SF:/workspace/src/StringDataSource.cpp
FNL:0,11,18
FNA:0,72,_ZN17CStringDataSource3GetERc
FNL:1,20,26
FNA:1,66,_ZN17CStringDataSource4PeekERc
FNL:2,28,40
FNA:2,18,_ZN17CStringDataSource4ReadERSt6vectorIcSaIcEEm
FNL:3,3,5
FNA:3,66,_ZN17CStringDataSourceC2ERKNSt7__cxx1112basic_stringIcSt11char_traitsIcESaIcEEE
FNL:4,7,9
FNA:4,12,_ZNK17CStringDataSource3EndEv
FNF:5
FNH:5
DA:3,66
DA:5,66
DA:7,12
DA:8,12
DA:11,72
DA:12,72
DA:13,54
DA:14,54
DA:15,54
DA:17,18
DA:20,66
DA:21,66
DA:22,54
DA:23,54
DA:25,12
DA:28,18
DA:29,18
DA:30,60
DA:32,54
DA:33,42
DA:36,12
DA:39,18
LF:22
LH:22
end_of_record
TN:
SF:/workspace/src/XMLReader.cpp
FNL:0,13,15
FNA:0,0,_ZN10CXMLReaderD2Ev
FNL:1,17,19
FNA:1,0,_ZNK10CXMLReader3EndEv
FNL:2,21,23
FNA:2,0,_ZN10CXMLReader10ReadEntityER10SXMLEntityb
FNL:3,9,11
FNA:3,0,_ZN10CXMLReaderC2ESt10shared_ptrI11CDataSourceE
FNF:4
FNH:0
DA:9,0
DA:11,0
DA:13,0
DA:15,0
DA:17,0
DA:21,0
LF:6
LH:0
end_of_record
TN:
SF:/workspace/src/svg.c
FNL:0,102,129
FNA:0,30,svg_rect
FNL:1,131,154
FNA:1,24,svg_line
FNL:2,157,168
FNA:2,12,svg_group_begin
FNL:3,170,173
FNA:3,6,svg_group_end
FNL:4,25,59
FNA:4,96,svg_create
FNL:5,61,69
FNA:5,84,svg_destroy
FNL:6,72,99
FNA:6,30,svg_circle
FNF:7
FNH:7
DA:25,96
DA:30,96
DA:31,96
DA:32,96
DA:33,96
DA:35,96
DA:36,6
DA:38,90
DA:39,6
DA:42,84
DA:43,6
DA:46,78
DA:48,78
DA:49,78
DA:52,78
DA:53,78
DA:54,78
DA:55,78
DA:57,78
DA:61,84
DA:63,84
DA:64,78
DA:65,78
DA:66,78
DA:68,6
DA:72,30
DA:77,30
DA:78,6
DA:80,24
DA:81,6
DA:83,18
DA:84,6
DA:86,12
DA:87,6
DA:89,6
DA:90,6
DA:91,6
DA:92,6
DA:93,6
DA:94,6
DA:95,6
DA:96,6
DA:98,6
DA:102,30
DA:107,30
DA:108,6
DA:110,24
DA:111,6
DA:113,18
DA:114,6
DA:116,12
DA:117,6
DA:119,6
DA:120,6
DA:121,6
DA:122,6
DA:123,6
DA:124,6
DA:125,6
DA:126,6
DA:128,6
DA:131,24
DA:135,24
DA:136,6
DA:138,18
DA:139,6
DA:141,12
DA:142,6
DA:144,6
DA:145,6
DA:146,6
DA:147,6
DA:148,6
DA:149,6
DA:150,6
DA:151,6
DA:153,6
DA:157,12
DA:159,12
DA:160,6
DA:162,6
DA:163,6
DA:164,6
DA:165,6
DA:166,6
DA:167,6
DA:170,6
DA:172,6
LF:88
LH:88
end_of_record
