TN:
SF:/workspace/include/DataSink.h
FNL:0,8,8
FNA:0,0,_ZN9CDataSinkD0Ev
FNA:0,42,_ZN9CDataSinkD2Ev
FNF:1
FNH:1
DA:8,42
LF:1
LH:1
end_of_record
TN:
SF:/workspace/include/DataSource.h
FNL:0,8,8
FNA:0,0,_ZN11CDataSourceD0Ev
FNA:0,33,_ZN11CDataSourceD2Ev
FNF:1
FNH:1
DA:8,33
LF:1
LH:1
end_of_record
TN:
SF:/workspace/src/SVGWriter.cpp
FNL:0,35,37
FNA:0,0,_ZN10CSVGWriterC2ESt10shared_ptrI9CDataSinkEii
FNL:1,39,41
FNA:1,0,_ZN10CSVGWriterD2Ev
FNL:2,43,45
FNA:2,0,_ZN10CSVGWriter6CircleERK9SSVGPointdRKSt6vectorISt4pairINSt7__cxx1112basic_stringIcSt11char_traitsIcESaIcEEESA_ESaISB_EE
FNL:3,47,49
FNA:3,0,_ZN10CSVGWriter8RectangeERK9SSVGPointRK8SSVGSizeRKSt6vectorISt4pairINSt7__cxx1112basic_stringIcSt11char_traitsIcESaIcEEESD_ESaISE_EE
FNL:4,51,53
FNA:4,0,_ZN10CSVGWriter4LineERK9SSVGPointS2_RKSt6vectorISt4pairINSt7__cxx1112basic_stringIcSt11char_traitsIcESaIcEEESA_ESaISB_EE
FNL:5,55,57
FNA:5,0,_ZN10CSVGWriter10SimplePathESt6vectorI9SSVGPointSaIS1_EERKS0_ISt4pairINSt7__cxx1112basic_stringIcSt11char_traitsIcESaIcEEESA_ESaISB_EE
FNL:6,59,61
FNA:6,0,_ZN10CSVGWriter10GroupBeginERKSt6vectorISt4pairINSt7__cxx1112basic_stringIcSt11char_traitsIcESaIcEEES7_ESaIS8_EE
FNL:7,63,65
FNA:7,0,_ZN10CSVGWriter8GroupEndEv
FNL:8,9,11
FNA:8,0,_ZN10CSVGWriter15SImplementation6CircleERK9SSVGPointdRKSt6vectorISt4pairINSt7__cxx1112basic_stringIcSt11char_traitsIcESaIcEEESB_ESaISC_EE
FNF:9
FNH:0
DA:9,0
DA:35,0
DA:36,0
DA:37,0
DA:39,0
DA:41,0
DA:43,0
DA:44,0
DA:47,0
DA:51,0
DA:55,0
DA:59,0
DA:63,0
LF:13
LH:0
end_of_record
TN:
SF:/workspace/src/StringDataSink.cpp
FNL:0,12,15
FNA:0,28,_ZN15CStringDataSink5WriteERKSt6vectorIcSaIcEE
FNL:1,3,5
FNA:1,84,_ZNK15CStringDataSink6StringB5cxx11Ev
FNL:2,7,10
FNA:2,70,_ZN15CStringDataSink3PutERKc
FNF:3
FNH:3
DA:3,84
DA:4,84
DA:7,70
DA:8,140
DA:9,70
DA:12,28
DA:13,56
DA:14,28
LF:8
LH:8
end_of_record
TN:
SF:/workspace/src/StringDataSource.cpp
FNL:0,11,18
FNA:0,36,_ZN17CStringDataSource3GetERc
FNL:1,20,26
FNA:1,33,_ZN17CStringDataSource4PeekERc
FNL:2,28,40
FNA:2,9,_ZN17CStringDataSource4ReadERSt6vectorIcSaIcEEm
FNL:3,3,5
FNA:3,33,_ZN17CStringDataSourceC2ERKNSt7__cxx1112basic_stringIcSt11char_traitsIcESaIcEEE
FNL:4,7,9
FNA:4,6,_ZNK17CStringDataSource3EndEv
FNF:5
FNH:5
DA:3,33
DA:5,33
DA:7,6
DA:8,6
DA:11,36
DA:12,36
DA:13,27
DA:14,27
DA:15,27
DA:17,9
DA:20,33
DA:21,33
DA:22,27
DA:23,27
DA:25,6
DA:28,9
DA:29,9
DA:30,30
DA:32,27
DA:33,21
DA:36,6
DA:39,9
LF:22
LH:22
end_of_record
TN:
SF:/workspace/src/XMLReader.cpp
FNL:0,13,15
FNA:0,0,_ZN10CXMLReaderD2Ev
FNL:1,17,19
FNA:1,0,_ZNK10CXMLReader3EndEv
FNL:2,21,23
FNA:2,0,_ZN10CXMLReader10ReadEntityER10SXMLEntityb
FNL:3,9,11
FNA:3,0,_ZN10CXMLReaderC2ESt10shared_ptrI11CDataSourceE
FNF:4
FNH:0
DA:9,0
DA:11,0
DA:13,0
DA:15,0
DA:17,0
DA:21,0
LF:6
LH:0
end_of_record
TN:
SF:/workspace/src/svg.c
FNL:0,103,130
FNA:0,50,svg_rect
FNL:1,132,155
FNA:1,40,svg_line
FNL:2,158,169
FNA:2,20,svg_group_begin
FNL:3,171,174
FNA:3,10,svg_group_end
FNL:4,25,60
FNA:4,151,svg_create
FNL:5,62,70
FNA:5,140,svg_destroy
FNL:6,73,100
FNA:6,50,svg_circle
FNF:7
FNH:7
DA:25,151
DA:30,151
DA:31,151
DA:32,151
DA:33,151
DA:35,151
DA:36,11
DA:38,140
DA:39,10
DA:42,130
DA:43,0
DA:46,130
DA:48,130
DA:49,130
DA:52,130
DA:53,130
DA:54,130
DA:55,130
DA:56,130
DA:58,130
DA:62,140
DA:64,140
DA:65,130
DA:66,130
DA:67,130
DA:69,10
DA:73,50
DA:78,50
DA:79,10
DA:81,40
DA:82,10
DA:84,30
DA:85,10
DA:87,20
DA:88,10
DA:90,10
DA:91,10
DA:92,10
DA:93,10
DA:94,10
DA:95,10
DA:96,10
DA:97,10
DA:99,10
DA:103,50
DA:108,50
DA:109,10
DA:111,40
DA:112,10
DA:114,30
DA:115,10
DA:117,20
DA:118,10
DA:120,10
DA:121,10
DA:122,10
DA:123,10
DA:124,10
DA:125,10
DA:126,10
DA:127,10
DA:129,10
DA:132,40
DA:136,40
DA:137,10
DA:139,30
DA:140,10
DA:142,20
DA:143,10
DA:145,10
DA:146,10
DA:147,10
DA:148,10
DA:149,10
DA:150,10
DA:151,10
DA:152,10
DA:154,10
DA:158,20
DA:160,20
DA:161,10
DA:163,10
DA:164,10
DA:165,10
DA:166,10
DA:167,10
DA:168,10
DA:171,10
DA:173,10
LF:89
LH:88
end_of_record
