TN:
SF:/workspace/include/BusSystem.h
FNL:0,13,13
FNA:0,0,_ZN10CBusSystem5SStopD0Ev
FNA:0,25,_ZN10CBusSystem5SStopD2Ev
FNL:1,21,21
FNA:1,0,_ZN10CBusSystem6SRouteD0Ev
FNA:1,8,_ZN10CBusSystem6SRouteD2Ev
FNL:2,28,28
FNA:2,0,_ZN10CBusSystem5SPathD0Ev
FNA:2,4,_ZN10CBusSystem5SPathD2Ev
FNL:3,35,35
FNA:3,0,_ZN10CBusSystemD0Ev
FNA:3,9,_ZN10CBusSystemD2Ev
FNF:4
FNH:4
DA:13,25
DA:21,8
DA:28,4
DA:35,9
LF:4
LH:4
end_of_record
TN:
SF:/workspace/include/DataSink.h
FNL:0,8,8
FNA:0,0,_ZN9CDataSinkD0Ev
FNA:0,10,_ZN9CDataSinkD2Ev
FNF:1
FNH:1
DA:8,10
LF:1
LH:1
end_of_record
TN:
SF:/workspace/include/DataSource.h
FNL:0,8,8
FNA:0,0,_ZN11CDataSourceD0Ev
FNA:0,37,_ZN11CDataSourceD2Ev
FNF:1
FNH:1
DA:8,37
LF:1
LH:1
end_of_record
TN:
SF:/workspace/include/StreetMap.h
FNL:0,19,19
FNA:0,0,_ZN10CStreetMap9SLocationC2Edd
FNL:1,29,29
FNA:1,0,_ZN10CStreetMap5SNodeD0Ev
FNA:1,0,_ZN10CStreetMap5SNodeD2Ev
FNL:2,49,49
FNA:2,0,_ZN10CStreetMapD0Ev
FNA:2,0,_ZN10CStreetMapD2Ev
FNF:3
FNH:0
DA:19,0
DA:29,0
DA:49,0
LF:3
LH:0
end_of_record
TN:
SF:/workspace/include/XMLEntity.h
FNL:0,17,24
FNA:0,0,_ZNK10SXMLEntity15AttributeExistsERKNSt7__cxx1112basic_stringIcSt11char_traitsIcESaIcEEE
FNL:1,26,33
FNA:1,139,_ZNK10SXMLEntity14AttributeValueERKNSt7__cxx1112basic_stringIcSt11char_traitsIcESaIcEEE
FNF:2
FNH:1
DA:17,0
DA:18,0
DA:19,0
DA:20,0
DA:23,0
DA:26,139
DA:27,219
DA:28,216
DA:29,136
DA:32,3
LF:10
LH:5
end_of_record
TN:
SF:/workspace/src/OpenStreetMap.cpp
FNL:0,168,176
FNA:0,0,_ZN14COpenStreetMap15SImplementation12FindStartTagESt10shared_ptrI10CXMLReaderERKNSt7__cxx1112basic_stringIcSt11char_traitsIcESaIcEEE
FNL:1,178,186
FNA:1,0,_ZN14COpenStreetMap15SImplementation10FindEndTagESt10shared_ptrI10CXMLReaderERKNSt7__cxx1112basic_stringIcSt11char_traitsIcESaIcEEE
FNL:2,188,193
FNA:2,0,_ZN14COpenStreetMap15SImplementation9ParseNodeESt10shared_ptrI10CXMLReaderERK10SXMLEntity
FNL:3,195,207
FNA:3,0,_ZN14COpenStreetMap15SImplementation10ParseNodesESt10shared_ptrI10CXMLReaderE
FNL:4,212,233
FNA:4,0,_ZN14COpenStreetMap15SImplementation8ParseWayESt10shared_ptrI10CXMLReaderERK10SXMLEntity
FNL:5,235,247
FNA:5,0,_ZN14COpenStreetMap15SImplementation9ParseWaysESt10shared_ptrI10CXMLReaderE
FNL:6,249,295
FNA:6,0,_ZN14COpenStreetMap15SImplementation8ParseOSMESt10shared_ptrI10CXMLReaderE
FNL:7,25,42
FNA:7,0,_ZN14COpenStreetMap15SImplementation5SNodeC2ERK10SXMLEntity
FNL:8,297,299
FNA:8,0,_ZN14COpenStreetMap15SImplementationC2ESt10shared_ptrI10CXMLReaderE
FNL:9,301,303
FNA:9,0,_ZNK14COpenStreetMap15SImplementation9NodeCountEv
FNL:10,305,307
FNA:10,0,_ZNK14COpenStreetMap15SImplementation8WayCountEv
FNL:11,309,314
FNA:11,0,_ZNK14COpenStreetMap15SImplementation11NodeByIndexEm
FNL:12,316,322
FNA:12,0,_ZNK14COpenStreetMap15SImplementation8NodeByIDEm
FNL:13,324,329
FNA:13,0,_ZNK14COpenStreetMap15SImplementation10WayByIndexEm
FNL:14,331,337
FNA:14,0,_ZNK14COpenStreetMap15SImplementation7WayByIDEm
FNL:15,342,344
FNA:15,0,_ZN14COpenStreetMapC2ESt10shared_ptrI10CXMLReaderE
FNL:16,346,348
FNA:16,0,_ZN14COpenStreetMapD0Ev
FNA:16,0,_ZN14COpenStreetMapD2Ev
FNL:17,350,352
FNA:17,0,_ZNK14COpenStreetMap9NodeCountEv
FNL:18,354,356
FNA:18,0,_ZNK14COpenStreetMap8WayCountEv
FNL:19,358,360
FNA:19,0,_ZNK14COpenStreetMap11NodeByIndexEm
FNL:20,362,364
FNA:20,0,_ZNK14COpenStreetMap8NodeByIDEm
FNL:21,366,368
FNA:21,0,_ZNK14COpenStreetMap10WayByIndexEm
FNL:22,370,372
FNA:22,0,_ZNK14COpenStreetMap7WayByIDEm
FNL:23,43,45
FNA:23,0,_ZN14COpenStreetMap15SImplementation5SNodeD0Ev
FNA:23,0,_ZN14COpenStreetMap15SImplementation5SNodeD2Ev
FNL:24,47,49
FNA:24,0,_ZNK14COpenStreetMap15SImplementation5SNode2IDEv
FNL:25,51,53
FNA:25,0,_ZNK14COpenStreetMap15SImplementation5SNode8LocationEv
FNL:26,55,65
FNA:26,0,_ZNK14COpenStreetMap15SImplementation5SNode14AttributeCountEv
FNL:27,67,73
FNA:27,0,_ZNK14COpenStreetMap15SImplementation5SNode15GetAttributeKeyB5cxx11Em
FNL:28,75,78
FNA:28,0,_ZNK14COpenStreetMap15SImplementation5SNode12HasAttributeERKNSt7__cxx1112basic_stringIcSt11char_traitsIcESaIcEEE
FNL:29,80,86
FNA:29,0,_ZNK14COpenStreetMap15SImplementation5SNode12GetAttributeERKNSt7__cxx1112basic_stringIcSt11char_traitsIcESaIcEEE
FNF:30
FNH:0
DA:25,0
DA:30,0
DA:31,0
DA:32,0
DA:34,0
DA:35,0
DA:36,0
DA:38,0
DA:39,0
DA:42,0
DA:43,0
DA:45,0
DA:47,0
DA:48,0
DA:51,0
DA:52,0
DA:55,0
DA:56,0
DA:64,0
DA:65,0
DA:67,0
DA:68,0
DA:69,0
DA:70,0
DA:72,0
DA:73,0
DA:75,0
DA:76,0
DA:77,0
DA:78,0
DA:80,0
DA:81,0
DA:82,0
DA:83,0
DA:85,0
DA:86,0
DA:168,0
DA:169,0
DA:170,0
DA:171,0
DA:172,0
DA:175,0
DA:176,0
DA:178,0
DA:179,0
DA:180,0
DA:181,0
DA:182,0
DA:185,0
DA:186,0
DA:188,0
DA:189,0
DA:190,0
DA:191,0
DA:192,0
DA:193,0
DA:195,0
DA:196,0
DA:199,0
DA:200,0
DA:203,0
DA:204,0
DA:206,0
DA:207,0
DA:212,0
DA:213,0
DA:216,0
DA:220,0
DA:221,0
DA:223,0
DA:224,0
DA:225,0
DA:227,0
DA:229,0
DA:230,0
DA:231,0
DA:232,0
DA:233,0
DA:235,0
DA:236,0
DA:239,0
DA:240,0
DA:243,0
DA:244,0
DA:246,0
DA:247,0
DA:249,0
DA:250,0
DA:252,0
DA:253,0
DA:254,0
DA:258,0
DA:276,0
DA:294,0
DA:295,0
DA:297,0
DA:298,0
DA:299,0
DA:301,0
DA:302,0
DA:305,0
DA:306,0
DA:309,0
DA:310,0
DA:311,0
DA:313,0
DA:316,0
DA:317,0
DA:318,0
DA:319,0
DA:321,0
DA:324,0
DA:325,0
DA:326,0
DA:328,0
DA:331,0
DA:332,0
DA:333,0
DA:334,0
DA:336,0
DA:342,0
DA:343,0
DA:344,0
DA:346,0
DA:348,0
DA:350,0
DA:351,0
DA:354,0
DA:355,0
DA:358,0
DA:359,0
DA:362,0
DA:363,0
DA:366,0
DA:367,0
DA:370,0
DA:371,0
LF:137
LH:0
end_of_record
TN:
SF:/workspace/src/SVGWriter.cpp
FNL:0,102,104
FNA:0,2,_ZN10CSVGWriter9RectangleERK9SSVGPointRK8SSVGSizeRKSt6vectorISt4pairINSt7__cxx1112basic_stringIcSt11char_traitsIcESaIcEEESD_ESaISE_EE
FNL:1,106,108
FNA:1,2,_ZN10CSVGWriter4LineERK9SSVGPointS2_RKSt6vectorISt4pairINSt7__cxx1112basic_stringIcSt11char_traitsIcESaIcEEESA_ESaISB_EE
FNL:2,110,112
FNA:2,2,_ZN10CSVGWriter10SimplePathESt6vectorI9SSVGPointSaIS1_EERKS0_ISt4pairINSt7__cxx1112basic_stringIcSt11char_traitsIcESaIcEEESA_ESaISB_EE
FNL:3,114,116
FNA:3,2,_ZN10CSVGWriter10GroupBeginERKSt6vectorISt4pairINSt7__cxx1112basic_stringIcSt11char_traitsIcESaIcEEES7_ESaIS8_EE
FNL:4,118,120
FNA:4,2,_ZN10CSVGWriter8GroupEndEv
FNL:5,14,21
FNA:5,68,_ZN10CSVGWriter15SImplementation13WriteFunctionEPvPKc
FNL:6,24,27
FNA:6,7,_ZN10CSVGWriter15SImplementationC2ESt10shared_ptrI9CDataSinkEii
FNL:7,29,31
FNA:7,7,_ZN10CSVGWriter15SImplementationD2Ev
FNL:8,33,43
FNA:8,10,_ZN10CSVGWriter15SImplementation17CreateStyleStringERKSt6vectorISt4pairINSt7__cxx1112basic_stringIcSt11char_traitsIcESaIcEEES8_ESaIS9_EE
FNL:9,45,49
FNA:9,2,_ZN10CSVGWriter15SImplementation6CircleERK9SSVGPointdRKSt6vectorISt4pairINSt7__cxx1112basic_stringIcSt11char_traitsIcESaIcEEESB_ESaISC_EE
FNL:10,51,57
FNA:10,2,_ZN10CSVGWriter15SImplementation9RectangleERK9SSVGPointRK8SSVGSizeRKSt6vectorISt4pairINSt7__cxx1112basic_stringIcSt11char_traitsIcESaIcEEESE_ESaISF_EE
FNL:11,58,63
FNA:11,2,_ZN10CSVGWriter15SImplementation4LineERK9SSVGPointS3_RKSt6vectorISt4pairINSt7__cxx1112basic_stringIcSt11char_traitsIcESaIcEEESB_ESaISC_EE
FNL:12,65,76
FNA:12,2,_ZN10CSVGWriter15SImplementation10SimplePathESt6vectorI9SSVGPointSaIS2_EERKS1_ISt4pairINSt7__cxx1112basic_stringIcSt11char_traitsIcESaIcEEESB_ESaISC_EE
FNL:13,78,82
FNA:13,2,_ZN10CSVGWriter15SImplementation10GroupBeginERKSt6vectorISt4pairINSt7__cxx1112basic_stringIcSt11char_traitsIcESaIcEEES8_ESaIS9_EE
FNL:14,84,86
FNA:14,2,_ZN10CSVGWriter15SImplementation8GroupEndEv
FNL:15,90,92
FNA:15,7,_ZN10CSVGWriterC2ESt10shared_ptrI9CDataSinkEii
FNL:16,94,96
FNA:16,7,_ZN10CSVGWriterD2Ev
FNL:17,98,100
FNA:17,2,_ZN10CSVGWriter6CircleERK9SSVGPointdRKSt6vectorISt4pairINSt7__cxx1112basic_stringIcSt11char_traitsIcESaIcEEESA_ESaISB_EE
FNF:18
FNH:18
DA:14,68
DA:15,68
DA:16,2787
DA:17,2719
DA:18,2719
DA:20,68
DA:24,7
DA:25,7
DA:26,7
DA:27,7
DA:29,7
DA:30,7
DA:31,7
DA:33,10
DA:34,10
DA:35,34
DA:36,24
DA:37,24
DA:39,24
DA:40,24
DA:41,10
DA:42,10
DA:43,0
DA:45,2
DA:46,2
DA:47,2
DA:48,4
DA:49,2
DA:51,2
DA:52,2
DA:53,2
DA:54,2
DA:55,4
DA:57,2
DA:58,2
DA:59,2
DA:60,2
DA:61,2
DA:62,4
DA:63,2
DA:65,2
DA:66,2
DA:67,24
DA:68,12
DA:69,12
DA:70,12
DA:71,4
DA:73,10
DA:76,2
DA:78,2
DA:79,2
DA:80,4
DA:82,2
DA:84,2
DA:85,2
DA:90,7
DA:91,7
DA:92,7
DA:94,7
DA:96,7
DA:98,2
DA:99,2
DA:102,2
DA:103,2
DA:106,2
DA:107,2
DA:110,2
DA:111,2
DA:114,2
DA:115,2
DA:118,2
DA:119,2
LF:72
LH:71
end_of_record
TN:
SF:/workspace/src/StringDataSink.cpp
FNL:0,12,15
FNA:0,2,_ZN15CStringDataSink5WriteERKSt6vectorIcSaIcEE
FNL:1,3,5
FNA:1,49,_ZNK15CStringDataSink6StringB5cxx11Ev
FNL:2,7,10
FNA:2,1637,_ZN15CStringDataSink3PutERKc
FNF:3
FNH:3
DA:3,49
DA:4,49
DA:7,1637
DA:8,3274
DA:9,1637
DA:12,2
DA:13,4
DA:14,2
LF:8
LH:8
end_of_record
TN:
SF:/workspace/src/StringDataSource.cpp
FNL:0,11,18
FNA:0,5044,_ZN17CStringDataSource3GetERc
FNL:1,20,26
FNA:1,11,_ZN17CStringDataSource4PeekERc
FNL:2,28,40
FNA:2,22,_ZN17CStringDataSource4ReadERSt6vectorIcSaIcEEm
FNL:3,3,5
FNA:3,37,_ZN17CStringDataSourceC2ERKNSt7__cxx1112basic_stringIcSt11char_traitsIcESaIcEEE
FNL:4,7,9
FNA:4,86,_ZNK17CStringDataSource3EndEv
FNF:5
FNH:5
DA:3,37
DA:5,37
DA:7,86
DA:8,86
DA:11,5044
DA:12,5044
DA:13,5022
DA:14,5022
DA:15,5022
DA:17,22
DA:20,11
DA:21,11
DA:22,9
DA:23,9
DA:25,2
DA:28,22
DA:29,22
DA:30,5042
DA:32,5041
DA:33,5020
DA:36,21
DA:39,22
LF:22
LH:22
end_of_record
TN:
SF:/workspace/src/XMLBusSystem.cpp
FNL:0,100,100
FNA:0,0,_ZN13CXMLBusSystem15SImplementation5SPathD0Ev
FNA:0,4,_ZN13CXMLBusSystem15SImplementation5SPathD2Ev
FNL:1,102,105
FNA:1,2,_ZNK13CXMLBusSystem15SImplementation5SPath11StartNodeIDEv
FNL:2,106,109
FNA:2,2,_ZNK13CXMLBusSystem15SImplementation5SPath9EndNodeIDEv
FNL:3,110,113
FNA:3,2,_ZNK13CXMLBusSystem15SImplementation5SPath9NodeCountEv
FNL:4,114,120
FNA:4,3,_ZNK13CXMLBusSystem15SImplementation5SPath9GetNodeIDEm
FNL:5,125,133
FNA:5,26,_ZN13CXMLBusSystem15SImplementation12FindStartTagESt10shared_ptrI10CXMLReaderERKNSt7__cxx1112basic_stringIcSt11char_traitsIcESaIcEEE
FNL:6,135,143
FNA:6,25,_ZN13CXMLBusSystem15SImplementation10FindEndTagESt10shared_ptrI10CXMLReaderERKNSt7__cxx1112basic_stringIcSt11char_traitsIcESaIcEEE
FNL:7,148,156
FNA:7,25,_ZN13CXMLBusSystem15SImplementation9ParseStopESt10shared_ptrI10CXMLReaderERK10SXMLEntity
FNL:8,158,170
FNA:8,6,_ZN13CXMLBusSystem15SImplementation10ParseStopsESt10shared_ptrI10CXMLReaderE
FNL:9,175,194
FNA:9,8,_ZN13CXMLBusSystem15SImplementation10ParseRouteESt10shared_ptrI10CXMLReaderERK10SXMLEntity
FNL:10,196,210
FNA:10,4,_ZN13CXMLBusSystem15SImplementation11ParseRoutesESt10shared_ptrI10CXMLReaderE
FNL:11,214,233
FNA:11,4,_ZN13CXMLBusSystem15SImplementation9ParsePathESt10shared_ptrI10CXMLReaderERK10SXMLEntity
FNL:12,236,249
FNA:12,3,_ZN13CXMLBusSystem15SImplementation10ParsePathsESt10shared_ptrI10CXMLReaderE
FNL:13,251,272
FNA:13,9,_ZN13CXMLBusSystem15SImplementation14ParseBusSystemESt10shared_ptrI10CXMLReaderES3_
FNL:14,274,277
FNA:14,9,_ZN13CXMLBusSystem15SImplementationC2ESt10shared_ptrI10CXMLReaderES3_
FNL:15,279,281
FNA:15,5,_ZNK13CXMLBusSystem15SImplementation9StopCountEv
FNL:16,283,285
FNA:16,5,_ZNK13CXMLBusSystem15SImplementation10RouteCountEv
FNL:17,287,292
FNA:17,5,_ZNK13CXMLBusSystem15SImplementation11StopByIndexEm
FNL:18,294,301
FNA:18,4,_ZNK13CXMLBusSystem15SImplementation8StopByIDEm
FNL:19,303,308
FNA:19,5,_ZNK13CXMLBusSystem15SImplementation12RouteByIndexEm
FNL:20,310,317
FNA:20,5,_ZNK13CXMLBusSystem15SImplementation11RouteByNameERKNSt7__cxx1112basic_stringIcSt11char_traitsIcESaIcEEE
FNL:21,319,327
FNA:21,7,_ZNK13CXMLBusSystem15SImplementation13PathByStopIDsEmm
FNL:22,334,336
FNA:22,9,_ZN13CXMLBusSystemC2ESt10shared_ptrI10CXMLReaderES2_
FNL:23,338,340
FNA:23,0,_ZN13CXMLBusSystemD0Ev
FNA:23,9,_ZN13CXMLBusSystemD2Ev
FNL:24,34,38
FNA:24,25,_ZN13CXMLBusSystem15SImplementation5SStopC2EmmRKNSt7__cxx1112basic_stringIcSt11char_traitsIcESaIcEEE
FNL:25,342,344
FNA:25,5,_ZNK13CXMLBusSystem9StopCountEv
FNL:26,346,348
FNA:26,5,_ZNK13CXMLBusSystem10RouteCountEv
FNL:27,350,352
FNA:27,5,_ZNK13CXMLBusSystem11StopByIndexEm
FNL:28,354,356
FNA:28,4,_ZNK13CXMLBusSystem8StopByIDEm
FNL:29,358,360
FNA:29,5,_ZNK13CXMLBusSystem12RouteByIndexEm
FNL:30,362,364
FNA:30,5,_ZNK13CXMLBusSystem11RouteByNameERKNSt7__cxx1112basic_stringIcSt11char_traitsIcESaIcEEE
FNL:31,366,368
FNA:31,7,_ZNK13CXMLBusSystem13PathByStopIDsEmm
FNL:32,39,39
FNA:32,0,_ZN13CXMLBusSystem15SImplementation5SStopD0Ev
FNA:32,25,_ZN13CXMLBusSystem15SImplementation5SStopD2Ev
FNL:33,41,43
FNA:33,3,_ZNK13CXMLBusSystem15SImplementation5SStop2IDEv
FNL:34,45,47
FNA:34,3,_ZNK13CXMLBusSystem15SImplementation5SStop6NodeIDEv
FNL:35,49,51
FNA:35,4,_ZNK13CXMLBusSystem15SImplementation5SStop11DescriptionB5cxx11Ev
FNL:36,53,56
FNA:36,1,_ZN13CXMLBusSystem15SImplementation5SStop11DescriptionERKNSt7__cxx1112basic_stringIcSt11char_traitsIcESaIcEEE
FNL:37,64,67
FNA:37,8,_ZN13CXMLBusSystem15SImplementation6SRouteC2ENSt7__cxx1112basic_stringIcSt11char_traitsIcESaIcEEESt6vectorImSaImEE
FNL:38,69,69
FNA:38,0,_ZN13CXMLBusSystem15SImplementation6SRouteD0Ev
FNA:38,8,_ZN13CXMLBusSystem15SImplementation6SRouteD2Ev
FNL:39,71,74
FNA:39,3,_ZNK13CXMLBusSystem15SImplementation6SRoute4NameB5cxx11Ev
FNL:40,75,78
FNA:40,3,_ZNK13CXMLBusSystem15SImplementation6SRoute9StopCountEv
FNL:41,79,85
FNA:41,4,_ZNK13CXMLBusSystem15SImplementation6SRoute9GetStopIDEm
FNL:42,94,98
FNA:42,4,_ZN13CXMLBusSystem15SImplementation5SPathC2EmmSt6vectorImSaImEE
FNF:43
FNH:43
DA:34,25
DA:35,25
DA:36,25
DA:37,25
DA:38,25
DA:39,25
DA:41,3
DA:42,3
DA:45,3
DA:46,3
DA:49,4
DA:50,4
DA:53,1
DA:54,1
DA:55,1
DA:64,8
DA:65,8
DA:66,8
DA:67,8
DA:69,8
DA:71,3
DA:72,3
DA:75,3
DA:76,3
DA:79,4
DA:80,4
DA:81,1
DA:83,3
DA:94,4
DA:95,4
DA:96,4
DA:97,4
DA:98,4
DA:100,4
DA:102,2
DA:103,2
DA:106,2
DA:107,2
DA:110,2
DA:111,2
DA:114,3
DA:115,3
DA:116,1
DA:118,2
DA:125,26
DA:126,26
DA:127,37
DA:128,31
DA:129,20
DA:132,6
DA:133,26
DA:135,25
DA:136,25
DA:137,25
DA:138,25
DA:139,25
DA:142,0
DA:143,25
DA:148,25
DA:149,25
DA:150,25
DA:151,25
DA:152,25
DA:154,25
DA:155,25
DA:156,25
DA:158,6
DA:159,6
DA:162,38
DA:163,1
DA:166,37
DA:167,25
DA:169,37
DA:170,6
DA:175,8
DA:176,8
DA:177,8
DA:178,8
DA:182,66
DA:183,0
DA:185,66
DA:186,29
DA:187,29
DA:189,66
DA:191,8
DA:192,8
DA:193,8
DA:194,8
DA:196,4
DA:197,4
DA:200,12
DA:202,0
DA:205,12
DA:206,8
DA:209,12
DA:210,4
DA:214,4
DA:215,4
DA:216,4
DA:217,4
DA:218,4
DA:221,52
DA:222,0
DA:224,52
DA:225,18
DA:226,18
DA:228,52
DA:230,4
DA:231,4
DA:232,4
DA:233,4
DA:236,3
DA:237,3
DA:240,10
DA:241,0
DA:243,10
DA:244,4
DA:246,10
DA:249,3
DA:251,9
DA:252,9
DA:253,9
DA:254,2
DA:256,7
DA:257,1
DA:259,6
DA:261,6
DA:262,2
DA:264,4
DA:266,4
DA:267,1
DA:269,3
DA:271,3
DA:272,9
DA:274,315
DA:275,9
DA:277,9
DA:279,5
DA:280,5
DA:283,5
DA:284,5
DA:287,5
DA:288,5
DA:289,1
DA:291,4
DA:294,4
DA:295,4
DA:296,4
DA:297,1
DA:299,3
DA:303,5
DA:304,5
DA:305,1
DA:307,4
DA:310,5
DA:311,5
DA:312,5
DA:313,1
DA:315,4
DA:319,7
DA:320,7
DA:321,7
DA:322,7
DA:323,4
DA:325,3
DA:327,7
DA:334,9
DA:335,9
DA:336,9
DA:338,9
DA:340,9
DA:342,5
DA:343,5
DA:346,5
DA:347,5
DA:350,5
DA:351,5
DA:354,4
DA:355,4
DA:358,5
DA:359,5
DA:362,5
DA:363,5
DA:366,7
DA:367,7
LF:185
LH:180
end_of_record
TN:
SF:/workspace/src/XMLReader.cpp
FNL:0,10,20
FNA:0,114,_ZN10CXMLReader15SImplementation19StartElementHandlerEPvPKcPS3_
FNL:1,22,29
FNA:1,112,_ZN10CXMLReader15SImplementation17EndElementHandlerEPvPKc
FNL:2,30,39
FNA:2,162,_ZN10CXMLReader15SImplementation20CharacterDataHandlerEPvPKci
FNL:3,41,49
FNA:3,26,_ZN10CXMLReader15SImplementationC2ESt10shared_ptrI11CDataSourceE
FNL:4,51,53
FNA:4,26,_ZN10CXMLReader15SImplementationD2Ev
FNL:5,56,59
FNA:5,26,_ZN10CXMLReaderC2ESt10shared_ptrI11CDataSourceE
FNL:6,61,63
FNA:6,26,_ZN10CXMLReaderD2Ev
FNL:7,65,67
FNA:7,253,_ZNK10CXMLReader3EndEv
FNL:8,69,95
FNA:8,253,_ZN10CXMLReader10ReadEntityER10SXMLEntityb
FNF:9
FNH:9
DA:10,114
DA:11,114
DA:12,114
DA:13,114
DA:14,114
DA:16,252
DA:17,138
DA:19,114
DA:20,114
DA:22,112
DA:23,112
DA:24,112
DA:25,112
DA:26,112
DA:28,112
DA:29,112
DA:30,162
DA:31,162
DA:32,162
DA:34,162
DA:35,324
DA:36,162
DA:38,162
DA:39,162
DA:41,26
DA:42,26
DA:43,26
DA:45,26
DA:46,26
DA:47,26
DA:48,26
DA:49,26
DA:51,26
DA:52,26
DA:53,26
DA:56,26
DA:57,26
DA:59,26
DA:61,26
DA:63,26
DA:65,253
DA:66,253
DA:69,253
DA:70,253
DA:71,8
DA:73,245
DA:74,226
DA:75,226
DA:77,226
DA:78,128
DA:79,128
DA:81,226
DA:83,38
DA:84,19
DA:85,19
DA:86,19
DA:87,19
DA:88,19
DA:89,19
DA:90,18
DA:91,18
DA:92,18
DA:94,1
LF:63
LH:63
end_of_record
TN:
SF:/workspace/src/svg.c
FNL:0,102,129
FNA:0,5,svg_rect
FNL:1,131,154
FNA:1,4,svg_line
FNL:2,157,168
FNA:2,2,svg_group_begin
FNL:3,170,173
FNA:3,1,svg_group_end
FNL:4,25,59
FNA:4,16,svg_create
FNL:5,61,69
FNA:5,14,svg_destroy
FNL:6,72,99
FNA:6,5,svg_circle
FNF:7
FNH:7
DA:25,16
DA:30,16
DA:31,16
DA:32,16
DA:33,16
DA:35,16
DA:36,1
DA:38,15
DA:39,1
DA:42,14
DA:43,1
DA:46,13
DA:48,13
DA:49,13
DA:52,13
DA:53,13
DA:54,13
DA:55,13
DA:57,13
DA:61,14
DA:63,14
DA:64,13
DA:65,13
DA:66,13
DA:68,1
DA:72,5
DA:77,5
DA:78,1
DA:80,4
DA:81,1
DA:83,3
DA:84,1
DA:86,2
DA:87,1
DA:89,1
DA:90,1
DA:91,1
DA:92,1
DA:93,1
DA:94,1
DA:95,1
DA:96,1
DA:98,1
DA:102,5
DA:107,5
DA:108,1
DA:110,4
DA:111,1
DA:113,3
DA:114,1
DA:116,2
DA:117,1
DA:119,1
DA:120,1
DA:121,1
DA:122,1
DA:123,1
DA:124,1
DA:125,1
DA:126,1
DA:128,1
DA:131,4
DA:135,4
DA:136,1
DA:138,3
DA:139,1
DA:141,2
DA:142,1
DA:144,1
DA:145,1
DA:146,1
DA:147,1
DA:148,1
DA:149,1
DA:150,1
DA:151,1
DA:153,1
DA:157,2
DA:159,2
DA:160,1
DA:162,1
DA:163,1
DA:164,1
DA:165,1
DA:166,1
DA:167,1
DA:170,1
DA:172,1
LF:88
LH:88
end_of_record
