TN:
SF:/workspace/include/DataSink.h
FNL:0,8,8
FNA:0,0,_ZN9CDataSinkD0Ev
FNA:0,79,_ZN9CDataSinkD2Ev
FNF:1
FNH:1
DA:8,79
LF:1
LH:1
end_of_record
TN:
SF:/workspace/include/DataSource.h
FNL:0,8,8
FNA:0,0,_ZN11CDataSourceD0Ev
FNA:0,189,_ZN11CDataSourceD2Ev
FNF:1
FNH:1
DA:8,189
LF:1
LH:1
end_of_record
TN:
SF:/workspace/include/XMLEntity.h
FNL:0,26,33
FNA:0,1,_ZNK10SXMLEntity14AttributeValueERKNSt7__cxx1112basic_stringIcSt11char_traitsIcESaIcEEE
FNF:1
FNH:1
DA:26,1
DA:27,2
DA:28,2
DA:29,1
DA:32,0
LF:5
LH:4
end_of_record
TN:
SF:/workspace/src/SVGWriter.cpp
FNL:0,102,104
FNA:0,14,_ZN10CSVGWriter9RectangleERK9SSVGPointRK8SSVGSizeRKSt6vectorISt4pairINSt7__cxx1112basic_stringIcSt11char_traitsIcESaIcEEESD_ESaISE_EE
FNL:1,106,108
FNA:1,14,_ZN10CSVGWriter4LineERK9SSVGPointS2_RKSt6vectorISt4pairINSt7__cxx1112basic_stringIcSt11char_traitsIcESaIcEEESA_ESaISB_EE
FNL:2,110,112
FNA:2,14,_ZN10CSVGWriter10SimplePathESt6vectorI9SSVGPointSaIS1_EERKS0_ISt4pairINSt7__cxx1112basic_stringIcSt11char_traitsIcESaIcEEESA_ESaISB_EE
FNL:3,114,116
FNA:3,14,_ZN10CSVGWriter10GroupBeginERKSt6vectorISt4pairINSt7__cxx1112basic_stringIcSt11char_traitsIcESaIcEEES7_ESaIS8_EE
FNL:4,118,120
FNA:4,14,_ZN10CSVGWriter8GroupEndEv
FNL:5,14,21
FNA:5,476,_ZN10CSVGWriter15SImplementation13WriteFunctionEPvPKc
FNL:6,24,27
FNA:6,49,_ZN10CSVGWriter15SImplementationC2ESt10shared_ptrI9CDataSinkEii
FNL:7,29,31
FNA:7,49,_ZN10CSVGWriter15SImplementationD2Ev
FNL:8,33,43
FNA:8,70,_ZN10CSVGWriter15SImplementation17CreateStyleStringERKSt6vectorISt4pairINSt7__cxx1112basic_stringIcSt11char_traitsIcESaIcEEES8_ESaIS9_EE
FNL:9,45,49
FNA:9,14,_ZN10CSVGWriter15SImplementation6CircleERK9SSVGPointdRKSt6vectorISt4pairINSt7__cxx1112basic_stringIcSt11char_traitsIcESaIcEEESB_ESaISC_EE
FNL:10,51,57
FNA:10,14,_ZN10CSVGWriter15SImplementation9RectangleERK9SSVGPointRK8SSVGSizeRKSt6vectorISt4pairINSt7__cxx1112basic_stringIcSt11char_traitsIcESaIcEEESE_ESaISF_EE
FNL:11,58,63
FNA:11,14,_ZN10CSVGWriter15SImplementation4LineERK9SSVGPointS3_RKSt6vectorISt4pairINSt7__cxx1112basic_stringIcSt11char_traitsIcESaIcEEESB_ESaISC_EE
FNL:12,65,76
FNA:12,14,_ZN10CSVGWriter15SImplementation10SimplePathESt6vectorI9SSVGPointSaIS2_EERKS1_ISt4pairINSt7__cxx1112basic_stringIcSt11char_traitsIcESaIcEEESB_ESaISC_EE
FNL:13,78,82
FNA:13,14,_ZN10CSVGWriter15SImplementation10GroupBeginERKSt6vectorISt4pairINSt7__cxx1112basic_stringIcSt11char_traitsIcESaIcEEES8_ESaIS9_EE
FNL:14,84,86
FNA:14,14,_ZN10CSVGWriter15SImplementation8GroupEndEv
FNL:15,90,92
FNA:15,49,_ZN10CSVGWriterC2ESt10shared_ptrI9CDataSinkEii
FNL:16,94,96
FNA:16,49,_ZN10CSVGWriterD2Ev
FNL:17,98,100
FNA:17,14,_ZN10CSVGWriter6CircleERK9SSVGPointdRKSt6vectorISt4pairINSt7__cxx1112basic_stringIcSt11char_traitsIcESaIcEEESA_ESaISB_EE
FNF:18
FNH:18
DA:14,476
DA:15,476
DA:16,19509
DA:17,19033
DA:18,19033
DA:20,476
DA:24,49
DA:25,49
DA:26,49
DA:27,49
DA:29,49
DA:30,49
DA:31,49
DA:33,70
DA:34,70
DA:35,238
DA:36,168
DA:37,168
DA:39,168
DA:40,168
DA:41,70
DA:42,70
DA:43,0
DA:45,14
DA:46,14
DA:47,14
DA:48,28
DA:49,14
DA:51,14
DA:52,14
DA:53,14
DA:54,14
DA:55,28
DA:57,14
DA:58,14
DA:59,14
DA:60,14
DA:61,14
DA:62,28
DA:63,14
DA:65,14
DA:66,14
DA:67,168
DA:68,84
DA:69,84
DA:70,84
DA:71,28
DA:73,70
DA:76,14
DA:78,14
DA:79,14
DA:80,28
DA:82,14
DA:84,14
DA:85,14
DA:90,49
DA:91,49
DA:92,49
DA:94,49
DA:96,49
DA:98,14
DA:99,14
DA:102,14
DA:103,14
DA:106,14
DA:107,14
DA:110,14
DA:111,14
DA:114,14
DA:115,14
DA:118,14
DA:119,14
LF:72
LH:71
end_of_record
TN:
SF:/workspace/src/StringDataSink.cpp
FNL:0,12,15
FNA:0,20,_ZN15CStringDataSink5WriteERKSt6vectorIcSaIcEE
FNL:1,3,5
FNA:1,361,_ZNK15CStringDataSink6StringB5cxx11Ev
FNL:2,7,10
FNA:2,11474,_ZN15CStringDataSink3PutERKc
FNF:3
FNH:3
DA:3,361
DA:4,361
DA:7,11474
DA:8,22948
DA:9,11474
DA:12,20
DA:13,40
DA:14,20
LF:8
LH:8
end_of_record
TN:
SF:/workspace/src/StringDataSource.cpp
FNL:0,11,18
FNA:0,5688,_ZN17CStringDataSource3GetERc
FNL:1,20,26
FNA:1,110,_ZN17CStringDataSource4PeekERc
FNL:2,28,40
FNA:2,108,_ZN17CStringDataSource4ReadERSt6vectorIcSaIcEEm
FNL:3,3,5
FNA:3,189,_ZN17CStringDataSourceC2ERKNSt7__cxx1112basic_stringIcSt11char_traitsIcESaIcEEE
FNL:4,7,9
FNA:4,333,_ZNK17CStringDataSource3EndEv
FNF:5
FNH:5
DA:3,189
DA:5,189
DA:7,333
DA:8,333
DA:11,5688
DA:12,5688
DA:13,5580
DA:14,5580
DA:15,5580
DA:17,108
DA:20,110
DA:21,110
DA:22,90
DA:23,90
DA:25,20
DA:28,108
DA:29,108
DA:30,5668
DA:32,5658
DA:33,5560
DA:36,98
DA:39,108
LF:22
LH:22
end_of_record
TN:
SF:/workspace/src/XMLReader.cpp
FNL:0,10,20
FNA:0,15,_ZN10CXMLReader15SImplementation19StartElementHandlerEPvPKcPS3_
FNL:1,22,29
FNA:1,15,_ZN10CXMLReader15SImplementation17EndElementHandlerEPvPKc
FNL:2,30,39
FNA:2,15,_ZN10CXMLReader15SImplementation20CharacterDataHandlerEPvPKci
FNL:3,41,49
FNA:3,21,_ZN10CXMLReader15SImplementationC2ESt10shared_ptrI11CDataSourceE
FNL:4,51,53
FNA:4,21,_ZN10CXMLReader15SImplementationD2Ev
FNL:5,56,59
FNA:5,21,_ZN10CXMLReaderC2ESt10shared_ptrI11CDataSourceE
FNL:6,61,63
FNA:6,21,_ZN10CXMLReaderD2Ev
FNL:7,65,67
FNA:7,33,_ZNK10CXMLReader3EndEv
FNL:8,69,95
FNA:8,33,_ZN10CXMLReader10ReadEntityER10SXMLEntityb
FNF:9
FNH:9
DA:10,15
DA:11,15
DA:12,15
DA:13,15
DA:14,15
DA:16,24
DA:17,9
DA:19,15
DA:20,15
DA:22,15
DA:23,15
DA:24,15
DA:25,15
DA:26,15
DA:28,15
DA:29,15
DA:30,15
DA:31,15
DA:32,15
DA:34,15
DA:35,30
DA:36,15
DA:38,15
DA:39,15
DA:41,21
DA:42,21
DA:43,21
DA:45,21
DA:46,21
DA:47,21
DA:48,21
DA:49,21
DA:51,21
DA:52,21
DA:53,21
DA:56,21
DA:57,21
DA:59,21
DA:61,21
DA:63,21
DA:65,33
DA:66,33
DA:69,33
DA:70,33
DA:71,1
DA:73,32
DA:74,12
DA:75,12
DA:77,12
DA:78,3
DA:79,3
DA:81,12
DA:83,40
DA:84,20
DA:85,20
DA:86,20
DA:87,20
DA:88,20
DA:89,20
DA:90,15
DA:91,15
DA:92,15
DA:94,5
LF:63
LH:63
end_of_record
TN:
SF:/workspace/src/svg.c
FNL:0,102,129
FNA:0,50,svg_rect
FNL:1,131,154
FNA:1,40,svg_line
FNL:2,157,168
FNA:2,20,svg_group_begin
FNL:3,170,173
FNA:3,10,svg_group_end
FNL:4,25,59
FNA:4,160,svg_create
FNL:5,61,69
FNA:5,140,svg_destroy
FNL:6,72,99
FNA:6,50,svg_circle
FNF:7
FNH:7
DA:25,160
DA:30,160
DA:31,160
DA:32,160
DA:33,160
DA:35,160
DA:36,10
DA:38,150
DA:39,10
DA:42,140
DA:43,10
DA:46,130
DA:48,130
DA:49,130
DA:52,130
DA:53,130
DA:54,130
DA:55,130
DA:57,130
DA:61,140
DA:63,140
DA:64,130
DA:65,130
DA:66,130
DA:68,10
DA:72,50
DA:77,50
DA:78,10
DA:80,40
DA:81,10
DA:83,30
DA:84,10
DA:86,20
DA:87,10
DA:89,10
DA:90,10
DA:91,10
DA:92,10
DA:93,10
DA:94,10
DA:95,10
DA:96,10
DA:98,10
DA:102,50
DA:107,50
DA:108,10
DA:110,40
DA:111,10
DA:113,30
DA:114,10
DA:116,20
DA:117,10
DA:119,10
DA:120,10
DA:121,10
DA:122,10
DA:123,10
DA:124,10
DA:125,10
DA:126,10
DA:128,10
DA:131,40
DA:135,40
DA:136,10
DA:138,30
DA:139,10
DA:141,20
DA:142,10
DA:144,10
DA:145,10
DA:146,10
DA:147,10
DA:148,10
DA:149,10
DA:150,10
DA:151,10
DA:153,10
DA:157,20
DA:159,20
DA:160,10
DA:162,10
DA:163,10
DA:164,10
DA:165,10
DA:166,10
DA:167,10
DA:170,10
DA:172,10
LF:88
LH:88
end_of_record
