TN:
SF:/workspace/include/DataSink.h
FNL:0,8,8
FNA:0,0,_ZN9CDataSinkD0Ev
FNA:0,54,_ZN9CDataSinkD2Ev
FNF:1
FNH:1
DA:8,54
LF:1
LH:1
end_of_record
TN:
SF:/workspace/include/DataSource.h
FNL:0,8,8
FNA:0,0,_ZN11CDataSourceD0Ev
FNA:0,88,_ZN11CDataSourceD2Ev
FNF:1
FNH:1
DA:8,88
LF:1
LH:1
end_of_record
TN:
SF:/workspace/src/SVGWriter.cpp
FNL:0,35,37
FNA:0,0,_ZN10CSVGWriterC2ESt10shared_ptrI9CDataSinkEii
FNL:1,39,41
FNA:1,0,_ZN10CSVGWriterD2Ev
FNL:2,43,45
FNA:2,0,_ZN10CSVGWriter6CircleERK9SSVGPointdRKSt6vectorISt4pairINSt7__cxx1112basic_stringIcSt11char_traitsIcESaIcEEESA_ESaISB_EE
FNL:3,47,49
FNA:3,0,_ZN10CSVGWriter8RectangeERK9SSVGPointRK8SSVGSizeRKSt6vectorISt4pairINSt7__cxx1112basic_stringIcSt11char_traitsIcESaIcEEESD_ESaISE_EE
FNL:4,51,53
FNA:4,0,_ZN10CSVGWriter4LineERK9SSVGPointS2_RKSt6vectorISt4pairINSt7__cxx1112basic_stringIcSt11char_traitsIcESaIcEEESA_ESaISB_EE
FNL:5,55,57
FNA:5,0,_ZN10CSVGWriter10SimplePathESt6vectorI9SSVGPointSaIS1_EERKS0_ISt4pairINSt7__cxx1112basic_stringIcSt11char_traitsIcESaIcEEESA_ESaISB_EE
FNL:6,59,61
FNA:6,0,_ZN10CSVGWriter10GroupBeginERKSt6vectorISt4pairINSt7__cxx1112basic_stringIcSt11char_traitsIcESaIcEEES7_ESaIS8_EE
FNL:7,63,65
FNA:7,0,_ZN10CSVGWriter8GroupEndEv
FNL:8,9,11
FNA:8,0,_ZN10CSVGWriter15SImplementation6CircleERK9SSVGPointdRKSt6vectorISt4pairINSt7__cxx1112basic_stringIcSt11char_traitsIcESaIcEEESB_ESaISC_EE
FNF:9
FNH:0
DA:9,0
DA:35,0
DA:36,0
DA:37,0
DA:39,0
DA:41,0
DA:43,0
DA:44,0
DA:47,0
DA:51,0
DA:55,0
DA:59,0
DA:63,0
LF:13
LH:0
end_of_record
TN:
SF:/workspace/src/StringDataSink.cpp
FNL:0,12,15
FNA:0,36,_ZN15CStringDataSink5WriteERKSt6vectorIcSaIcEE
FNL:1,3,5
FNA:1,108,_ZNK15CStringDataSink6StringB5cxx11Ev
FNL:2,7,10
FNA:2,90,_ZN15CStringDataSink3PutERKc
FNF:3
FNH:3
DA:3,108
DA:4,108
DA:7,90
DA:8,180
DA:9,90
DA:12,36
DA:13,72
DA:14,36
LF:8
LH:8
end_of_record
TN:
SF:/workspace/src/StringDataSource.cpp
FNL:0,11,18
FNA:0,96,_ZN17CStringDataSource3GetERc
FNL:1,20,26
FNA:1,88,_ZN17CStringDataSource4PeekERc
FNL:2,28,40
FNA:2,24,_ZN17CStringDataSource4ReadERSt6vectorIcSaIcEEm
FNL:3,3,5
FNA:3,88,_ZN17CStringDataSourceC2ERKNSt7__cxx1112basic_stringIcSt11char_traitsIcESaIcEEE
FNL:4,7,9
FNA:4,16,_ZNK17CStringDataSource3EndEv
FNF:5
FNH:5
DA:3,88
DA:5,88
DA:7,16
DA:8,16
DA:11,96
DA:12,96
DA:13,72
DA:14,72
DA:15,72
DA:17,24
DA:20,88
DA:21,88
DA:22,72
DA:23,72
DA:25,16
DA:28,24
DA:29,24
DA:30,80
DA:32,72
DA:33,56
DA:36,16
DA:39,24
LF:22
LH:22
end_of_record
TN:
SF:/workspace/src/XMLReader.cpp
FNL:0,13,15
FNA:0,0,_ZN10CXMLReaderD2Ev
FNL:1,17,19
FNA:1,0,_ZNK10CXMLReader3EndEv
FNL:2,21,23
FNA:2,0,_ZN10CXMLReader10ReadEntityER10SXMLEntityb
FNL:3,9,11
FNA:3,0,_ZN10CXMLReaderC2ESt10shared_ptrI11CDataSourceE
FNF:4
FNH:0
DA:9,0
DA:11,0
DA:13,0
DA:15,0
DA:17,0
DA:21,0
LF:6
LH:0
end_of_record
TN:
SF:/workspace/src/svg.c
FNL:0,103,130
FNA:0,70,svg_rect
FNL:1,132,155
FNA:1,56,svg_line
FNL:2,158,169
FNA:2,28,svg_group_begin
FNL:3,171,174
FNA:3,14,svg_group_end
FNL:4,25,60
FNA:4,211,svg_create
FNL:5,62,70
FNA:5,196,svg_destroy
FNL:6,73,100
FNA:6,70,svg_circle
FNF:7
FNH:7
DA:25,211
DA:30,211
DA:31,211
DA:32,211
DA:33,211
DA:35,211
DA:36,15
DA:38,196
DA:39,14
DA:42,182
DA:43,0
DA:46,182
DA:48,182
DA:49,182
DA:52,182
DA:53,182
DA:54,182
DA:55,182
DA:56,182
DA:58,182
DA:62,196
DA:64,196
DA:65,182
DA:66,182
DA:67,182
DA:69,14
DA:73,70
DA:78,70
DA:79,14
DA:81,56
DA:82,14
DA:84,42
DA:85,14
DA:87,28
DA:88,14
DA:90,14
DA:91,14
DA:92,14
DA:93,14
DA:94,14
DA:95,14
DA:96,14
DA:97,14
DA:99,14
DA:103,70
DA:108,70
DA:109,14
DA:111,56
DA:112,14
DA:114,42
DA:115,14
DA:117,28
DA:118,14
DA:120,14
DA:121,14
DA:122,14
DA:123,14
DA:124,14
DA:125,14
DA:126,14
DA:127,14
DA:129,14
DA:132,56
DA:136,56
DA:137,14
DA:139,42
DA:140,14
DA:142,28
DA:143,14
DA:145,14
DA:146,14
DA:147,14
DA:148,14
DA:149,14
DA:150,14
DA:151,14
DA:152,14
DA:154,14
DA:158,28
DA:160,28
DA:161,14
DA:163,14
DA:164,14
DA:165,14
DA:166,14
DA:167,14
DA:168,14
DA:171,14
DA:173,14
LF:89
LH:88
end_of_record
