TN:
SF:/workspace/include/DataSink.h
FNL:0,8,8
FNA:0,0,_ZN9CDataSinkD0Ev
FNA:0,21,_ZN9CDataSinkD2Ev
FNF:1
FNH:1
DA:8,21
LF:1
LH:1
end_of_record
TN:
SF:/workspace/src/StringDataSink.cpp
FNL:0,12,15
FNA:0,14,_ZN15CStringDataSink5WriteERKSt6vectorIcSaIcEE
FNL:1,3,5
FNA:1,42,_ZNK15CStringDataSink6StringB5cxx11Ev
FNL:2,7,10
FNA:2,35,_ZN15CStringDataSink3PutERKc
FNF:3
FNH:3
DA:3,42
DA:4,42
DA:7,35
DA:8,70
DA:9,35
DA:12,14
DA:13,28
DA:14,14
LF:8
LH:8
end_of_record
TN:
SF:/workspace/src/svg.c
FNL:0,103,130
FNA:0,15,svg_rect
FNL:1,132,155
FNA:1,12,svg_line
FNL:2,158,169
FNA:2,6,svg_group_begin
FNL:3,171,174
FNA:3,3,svg_group_end
FNL:4,25,60
FNA:4,46,svg_create
FNL:5,62,70
FNA:5,42,svg_destroy
FNL:6,73,100
FNA:6,15,svg_circle
FNF:7
FNH:7
DA:25,46
DA:30,46
DA:31,46
DA:32,46
DA:33,46
DA:35,46
DA:36,4
DA:38,42
DA:39,3
DA:42,39
DA:43,0
DA:46,39
DA:48,39
DA:49,39
DA:52,39
DA:53,39
DA:54,39
DA:55,39
DA:56,39
DA:58,39
DA:62,42
DA:64,42
DA:65,39
DA:66,39
DA:67,39
DA:69,3
DA:73,15
DA:78,15
DA:79,3
DA:81,12
DA:82,3
DA:84,9
DA:85,3
DA:87,6
DA:88,3
DA:90,3
DA:91,3
DA:92,3
DA:93,3
DA:94,3
DA:95,3
DA:96,3
DA:97,3
DA:99,3
DA:103,15
DA:108,15
DA:109,3
DA:111,12
DA:112,3
DA:114,9
DA:115,3
DA:117,6
DA:118,3
DA:120,3
DA:121,3
DA:122,3
DA:123,3
DA:124,3
DA:125,3
DA:126,3
DA:127,3
DA:129,3
DA:132,12
DA:136,12
DA:137,3
DA:139,9
DA:140,3
DA:142,6
DA:143,3
DA:145,3
DA:146,3
DA:147,3
DA:148,3
DA:149,3
DA:150,3
DA:151,3
DA:152,3
DA:154,3
DA:158,6
DA:160,6
DA:161,3
DA:163,3
DA:164,3
DA:165,3
DA:166,3
DA:167,3
DA:168,3
DA:171,3
DA:173,3
LF:89
LH:88
end_of_record
