TN:
SF:/workspace/include/DataSink.h
FNL:0,8,8
FNA:0,0,_ZN9CDataSinkD0Ev
FNA:0,49,_ZN9CDataSinkD2Ev
FNF:1
FNH:1
DA:8,49
LF:1
LH:1
end_of_record
TN:
SF:/workspace/include/DataSource.h
FNL:0,8,8
FNA:0,0,_ZN11CDataSourceD0Ev
FNA:0,101,_ZN11CDataSourceD2Ev
FNF:1
FNH:1
DA:8,101
LF:1
LH:1
end_of_record
TN:
SF:/workspace/src/SVGWriter.cpp
FNL:0,102,104
FNA:0,8,_ZN10CSVGWriter9RectangleERK9SSVGPointRK8SSVGSizeRKSt6vectorISt4pairINSt7__cxx1112basic_stringIcSt11char_traitsIcESaIcEEESD_ESaISE_EE
FNL:1,106,108
FNA:1,8,_ZN10CSVGWriter4LineERK9SSVGPointS2_RKSt6vectorISt4pairINSt7__cxx1112basic_stringIcSt11char_traitsIcESaIcEEESA_ESaISB_EE
FNL:2,110,112
FNA:2,8,_ZN10CSVGWriter10SimplePathESt6vectorI9SSVGPointSaIS1_EERKS0_ISt4pairINSt7__cxx1112basic_stringIcSt11char_traitsIcESaIcEEESA_ESaISB_EE
FNL:3,114,116
FNA:3,8,_ZN10CSVGWriter10GroupBeginERKSt6vectorISt4pairINSt7__cxx1112basic_stringIcSt11char_traitsIcESaIcEEES7_ESaIS8_EE
FNL:4,118,120
FNA:4,8,_ZN10CSVGWriter8GroupEndEv
FNL:5,14,21
FNA:5,272,_ZN10CSVGWriter15SImplementation13WriteFunctionEPvPKc
FNL:6,24,27
FNA:6,28,_ZN10CSVGWriter15SImplementationC2ESt10shared_ptrI9CDataSinkEii
FNL:7,29,31
FNA:7,28,_ZN10CSVGWriter15SImplementationD2Ev
FNL:8,33,43
FNA:8,40,_ZN10CSVGWriter15SImplementation17CreateStyleStringERKSt6vectorISt4pairINSt7__cxx1112basic_stringIcSt11char_traitsIcESaIcEEES8_ESaIS9_EE
FNL:9,45,49
FNA:9,8,_ZN10CSVGWriter15SImplementation6CircleERK9SSVGPointdRKSt6vectorISt4pairINSt7__cxx1112basic_stringIcSt11char_traitsIcESaIcEEESB_ESaISC_EE
FNL:10,51,57
FNA:10,8,_ZN10CSVGWriter15SImplementation9RectangleERK9SSVGPointRK8SSVGSizeRKSt6vectorISt4pairINSt7__cxx1112basic_stringIcSt11char_traitsIcESaIcEEESE_ESaISF_EE
FNL:11,58,63
FNA:11,8,_ZN10CSVGWriter15SImplementation4LineERK9SSVGPointS3_RKSt6vectorISt4pairINSt7__cxx1112basic_stringIcSt11char_traitsIcESaIcEEESB_ESaISC_EE
FNL:12,65,76
FNA:12,8,_ZN10CSVGWriter15SImplementation10SimplePathESt6vectorI9SSVGPointSaIS2_EERKS1_ISt4pairINSt7__cxx1112basic_stringIcSt11char_traitsIcESaIcEEESB_ESaISC_EE
FNL:13,78,82
FNA:13,8,_ZN10CSVGWriter15SImplementation10GroupBeginERKSt6vectorISt4pairINSt7__cxx1112basic_stringIcSt11char_traitsIcESaIcEEES8_ESaIS9_EE
FNL:14,84,86
FNA:14,8,_ZN10CSVGWriter15SImplementation8GroupEndEv
FNL:15,90,92
FNA:15,28,_ZN10CSVGWriterC2ESt10shared_ptrI9CDataSinkEii
FNL:16,94,96
FNA:16,28,_ZN10CSVGWriterD2Ev
FNL:17,98,100
FNA:17,8,_ZN10CSVGWriter6CircleERK9SSVGPointdRKSt6vectorISt4pairINSt7__cxx1112basic_stringIcSt11char_traitsIcESaIcEEESA_ESaISB_EE
FNF:18
FNH:18
DA:14,272
DA:15,272
DA:16,11148
DA:17,10876
DA:18,10876
DA:20,272
DA:24,28
DA:25,28
DA:26,28
DA:27,28
DA:29,28
DA:30,28
DA:31,28
DA:33,40
DA:34,40
DA:35,136
DA:36,96
DA:37,96
DA:39,96
DA:40,96
DA:41,40
DA:42,40
DA:43,0
DA:45,8
DA:46,8
DA:47,8
DA:48,16
DA:49,8
DA:51,8
DA:52,8
DA:53,8
DA:54,8
DA:55,16
DA:57,8
DA:58,8
DA:59,8
DA:60,8
DA:61,8
DA:62,16
DA:63,8
DA:65,8
DA:66,8
DA:67,96
DA:68,48
DA:69,48
DA:70,48
DA:71,16
DA:73,40
DA:76,8
DA:78,8
DA:79,8
DA:80,16
DA:82,8
DA:84,8
DA:85,8
DA:90,28
DA:91,28
DA:92,28
DA:94,28
DA:96,28
DA:98,8
DA:99,8
DA:102,8
DA:103,8
DA:106,8
DA:107,8
DA:110,8
DA:111,8
DA:114,8
DA:115,8
DA:118,8
DA:119,8
LF:72
LH:71
end_of_record
TN:
SF:/workspace/src/StringDataSink.cpp
FNL:0,12,15
FNA:0,14,_ZN15CStringDataSink5WriteERKSt6vectorIcSaIcEE
FNL:1,3,5
FNA:1,214,_ZNK15CStringDataSink6StringB5cxx11Ev
FNL:2,7,10
FNA:2,6563,_ZN15CStringDataSink3PutERKc
FNF:3
FNH:3
DA:3,214
DA:4,214
DA:7,6563
DA:8,13126
DA:9,6563
DA:12,14
DA:13,28
DA:14,14
LF:8
LH:8
end_of_record
TN:
SF:/workspace/src/StringDataSource.cpp
FNL:0,11,18
FNA:0,566,_ZN17CStringDataSource3GetERc
FNL:1,20,26
FNA:1,80,_ZN17CStringDataSource4PeekERc
FNL:2,28,40
FNA:2,41,_ZN17CStringDataSource4ReadERSt6vectorIcSaIcEEm
FNL:3,3,5
FNA:3,101,_ZN17CStringDataSourceC2ERKNSt7__cxx1112basic_stringIcSt11char_traitsIcESaIcEEE
FNL:4,7,9
FNA:4,94,_ZNK17CStringDataSource3EndEv
FNF:5
FNH:5
DA:3,101
DA:5,101
DA:7,94
DA:8,94
DA:11,566
DA:12,566
DA:13,525
DA:14,525
DA:15,525
DA:17,41
DA:20,80
DA:21,80
DA:22,63
DA:23,63
DA:25,17
DA:28,41
DA:29,41
DA:30,552
DA:32,545
DA:33,511
DA:36,34
DA:39,41
LF:22
LH:22
end_of_record
TN:
SF:/workspace/src/XMLReader.cpp
FNL:0,11,23
FNA:0,1,_ZN10CXMLReader15SImplementation19StartElementHandlerEPvPKcPS3_
FNL:1,25,33
FNA:1,0,_ZN10CXMLReader15SImplementation17EndElementHandlerEPvPKc
FNL:2,34,45
FNA:2,1,_ZN10CXMLReader15SImplementation20CharacterDataHandlerEPvPKci
FNL:3,47,55
FNA:3,1,_ZN10CXMLReader15SImplementationC2ESt10shared_ptrI11CDataSourceE
FNL:4,57,59
FNA:4,1,_ZN10CXMLReader15SImplementationD2Ev
FNL:5,62,65
FNA:5,1,_ZN10CXMLReaderC2ESt10shared_ptrI11CDataSourceE
FNL:6,67,69
FNA:6,1,_ZN10CXMLReaderD2Ev
FNL:7,71,73
FNA:7,1,_ZNK10CXMLReader3EndEv
FNL:8,75,111
FNA:8,1,_ZN10CXMLReader10ReadEntityER10SXMLEntityb
FNF:9
FNH:8
DA:11,1
DA:12,1
DA:13,1
DA:14,1
DA:15,1
DA:17,1
DA:18,0
DA:20,1
DA:23,1
DA:25,0
DA:26,0
DA:27,0
DA:28,0
DA:29,0
DA:31,0
DA:33,0
DA:34,1
DA:35,1
DA:36,1
DA:38,1
DA:39,2
DA:40,1
DA:42,1
DA:45,1
DA:47,1
DA:48,1
DA:49,1
DA:51,1
DA:52,1
DA:53,1
DA:54,1
DA:55,1
DA:57,1
DA:58,1
DA:59,1
DA:62,1
DA:63,1
DA:65,1
DA:67,1
DA:69,1
DA:71,1
DA:72,1
DA:75,1
DA:76,1
DA:77,0
DA:79,1
DA:80,0
DA:81,0
DA:83,0
DA:86,2
DA:87,1
DA:88,1
DA:89,1
DA:90,0
DA:92,1
DA:93,1
DA:94,1
DA:95,1
DA:96,1
DA:99,1
DA:102,1
LF:61
LH:48
end_of_record
TN:
SF:/workspace/src/svg.c
FNL:0,102,129
FNA:0,35,svg_rect
FNL:1,131,154
FNA:1,28,svg_line
FNL:2,157,168
FNA:2,14,svg_group_begin
FNL:3,170,173
FNA:3,7,svg_group_end
FNL:4,25,59
FNA:4,112,svg_create
FNL:5,61,69
FNA:5,98,svg_destroy
FNL:6,72,99
FNA:6,35,svg_circle
FNF:7
FNH:7
DA:25,112
DA:30,112
DA:31,112
DA:32,112
DA:33,112
DA:35,112
DA:36,7
DA:38,105
DA:39,7
DA:42,98
DA:43,7
DA:46,91
DA:48,91
DA:49,91
DA:52,91
DA:53,91
DA:54,91
DA:55,91
DA:57,91
DA:61,98
DA:63,98
DA:64,91
DA:65,91
DA:66,91
DA:68,7
DA:72,35
DA:77,35
DA:78,7
DA:80,28
DA:81,7
DA:83,21
DA:84,7
DA:86,14
DA:87,7
DA:89,7
DA:90,7
DA:91,7
DA:92,7
DA:93,7
DA:94,7
DA:95,7
DA:96,7
DA:98,7
DA:102,35
DA:107,35
DA:108,7
DA:110,28
DA:111,7
DA:113,21
DA:114,7
DA:116,14
DA:117,7
DA:119,7
DA:120,7
DA:121,7
DA:122,7
DA:123,7
DA:124,7
DA:125,7
DA:126,7
DA:128,7
DA:131,28
DA:135,28
DA:136,7
DA:138,21
DA:139,7
DA:141,14
DA:142,7
DA:144,7
DA:145,7
DA:146,7
DA:147,7
DA:148,7
DA:149,7
DA:150,7
DA:151,7
DA:153,7
DA:157,14
DA:159,14
DA:160,7
DA:162,7
DA:163,7
DA:164,7
DA:165,7
DA:166,7
DA:167,7
DA:170,7
DA:172,7
LF:88
LH:88
end_of_record
