TN:
SF:/workspace/include/BusSystem.h
FNL:0,13,13
FNA:0,0,_ZN10CBusSystem5SStopD0Ev
FNA:0,25,_ZN10CBusSystem5SStopD2Ev
FNL:1,21,21
FNA:1,0,_ZN10CBusSystem6SRouteD0Ev
FNA:1,8,_ZN10CBusSystem6SRouteD2Ev
FNL:2,28,28
FNA:2,0,_ZN10CBusSystem5SPathD0Ev
FNA:2,4,_ZN10CBusSystem5SPathD2Ev
FNL:3,35,35
FNA:3,0,_ZN10CBusSystemD0Ev
FNA:3,9,_ZN10CBusSystemD2Ev
FNF:4
FNH:4
DA:13,25
DA:21,8
DA:28,4
DA:35,9
LF:4
LH:4
end_of_record
TN:
SF:/workspace/include/DataSink.h
FNL:0,8,8
FNA:0,0,_ZN9CDataSinkD0Ev
FNA:0,10,_ZN9CDataSinkD2Ev
FNF:1
FNH:1
DA:8,10
LF:1
LH:1
end_of_record
TN:
SF:/workspace/include/DataSource.h
FNL:0,8,8
FNA:0,0,_ZN11CDataSourceD0Ev
FNA:0,44,_ZN11CDataSourceD2Ev
FNF:1
FNH:1
DA:8,44
LF:1
LH:1
end_of_record
TN:
SF:/workspace/include/StreetMap.h
FNL:0,19,19
FNA:0,15,_ZN10CStreetMap9SLocationC2Edd
FNL:1,20,22
FNA:1,3,_ZNK10CStreetMap9SLocationeqERKS0_
FNL:2,29,29
FNA:2,0,_ZN10CStreetMap5SNodeD0Ev
FNA:2,12,_ZN10CStreetMap5SNodeD2Ev
FNL:3,39,39
FNA:3,0,_ZN10CStreetMap4SWayD0Ev
FNA:3,7,_ZN10CStreetMap4SWayD2Ev
FNL:4,49,49
FNA:4,0,_ZN10CStreetMapD0Ev
FNA:4,7,_ZN10CStreetMapD2Ev
FNF:5
FNH:5
DA:19,15
DA:20,3
DA:21,3
DA:29,12
DA:39,7
DA:49,7
LF:6
LH:6
end_of_record
TN:
SF:/workspace/include/XMLEntity.h
FNL:0,17,24
FNA:0,6,_ZNK10SXMLEntity15AttributeExistsERKNSt7__cxx1112basic_stringIcSt11char_traitsIcESaIcEEE
FNL:1,26,33
FNA:1,203,_ZNK10SXMLEntity14AttributeValueERKNSt7__cxx1112basic_stringIcSt11char_traitsIcESaIcEEE
FNF:2
FNH:2
DA:17,6
DA:18,16
DA:19,14
DA:20,4
DA:23,2
DA:26,203
DA:27,324
DA:28,321
DA:29,200
DA:32,3
LF:10
LH:10
end_of_record
TN:
SF:/workspace/src/OpenStreetMap.cpp
FNL:0,108,110
FNA:0,0,_ZN14COpenStreetMap15SImplementation4SWayD0Ev
FNA:0,7,_ZN14COpenStreetMap15SImplementation4SWayD2Ev
FNL:1,112,114
FNA:1,10,_ZNK14COpenStreetMap15SImplementation4SWay2IDEv
FNL:2,116,118
FNA:2,3,_ZNK14COpenStreetMap15SImplementation4SWay9NodeCountEv
FNL:3,120,125
FNA:3,4,_ZNK14COpenStreetMap15SImplementation4SWay9GetNodeIDEm
FNL:4,127,129
FNA:4,3,_ZNK14COpenStreetMap15SImplementation4SWay14AttributeCountEv
FNL:5,131,136
FNA:5,3,_ZNK14COpenStreetMap15SImplementation4SWay15GetAttributeKeyB5cxx11Em
FNL:6,138,145
FNA:6,2,_ZNK14COpenStreetMap15SImplementation4SWay12HasAttributeERKNSt7__cxx1112basic_stringIcSt11char_traitsIcESaIcEEE
FNL:7,147,154
FNA:7,2,_ZNK14COpenStreetMap15SImplementation4SWay12GetAttributeERKNSt7__cxx1112basic_stringIcSt11char_traitsIcESaIcEEE
FNL:8,158,166
FNA:8,7,_ZN14COpenStreetMap15SImplementation12FindStartTagESt10shared_ptrI10CXMLReaderERKNSt7__cxx1112basic_stringIcSt11char_traitsIcESaIcEEE
FNL:9,168,176
FNA:9,12,_ZN14COpenStreetMap15SImplementation10FindEndTagESt10shared_ptrI10CXMLReaderERKNSt7__cxx1112basic_stringIcSt11char_traitsIcESaIcEEE
FNL:10,181,250
FNA:10,7,_ZN14COpenStreetMap15SImplementation8ParseOSMESt10shared_ptrI10CXMLReaderE
FNL:11,252,254
FNA:11,7,_ZN14COpenStreetMap15SImplementationC2ESt10shared_ptrI10CXMLReaderE
FNL:12,256,258
FNA:12,1,_ZNK14COpenStreetMap15SImplementation9NodeCountEv
FNL:13,260,262
FNA:13,1,_ZNK14COpenStreetMap15SImplementation8WayCountEv
FNL:14,264,269
FNA:14,3,_ZNK14COpenStreetMap15SImplementation11NodeByIndexEm
FNL:15,271,277
FNA:15,2,_ZNK14COpenStreetMap15SImplementation8NodeByIDEm
FNL:16,279,284
FNA:16,3,_ZNK14COpenStreetMap15SImplementation10WayByIndexEm
FNL:17,286,292
FNA:17,3,_ZNK14COpenStreetMap15SImplementation7WayByIDEm
FNL:18,297,299
FNA:18,7,_ZN14COpenStreetMapC2ESt10shared_ptrI10CXMLReaderE
FNL:19,30,47
FNA:19,12,_ZN14COpenStreetMap15SImplementation5SNodeC2ERK10SXMLEntity
FNL:20,301,303
FNA:20,0,_ZN14COpenStreetMapD0Ev
FNA:20,7,_ZN14COpenStreetMapD2Ev
FNL:21,305,307
FNA:21,1,_ZNK14COpenStreetMap9NodeCountEv
FNL:22,309,311
FNA:22,1,_ZNK14COpenStreetMap8WayCountEv
FNL:23,313,315
FNA:23,3,_ZNK14COpenStreetMap11NodeByIndexEm
FNL:24,317,319
FNA:24,2,_ZNK14COpenStreetMap8NodeByIDEm
FNL:25,321,323
FNA:25,3,_ZNK14COpenStreetMap10WayByIndexEm
FNL:26,325,327
FNA:26,3,_ZNK14COpenStreetMap7WayByIDEm
FNL:27,48,50
FNA:27,0,_ZN14COpenStreetMap15SImplementation5SNodeD0Ev
FNA:27,12,_ZN14COpenStreetMap15SImplementation5SNodeD2Ev
FNL:28,52,54
FNA:28,15,_ZNK14COpenStreetMap15SImplementation5SNode2IDEv
FNL:29,56,58
FNA:29,3,_ZNK14COpenStreetMap15SImplementation5SNode8LocationEv
FNL:30,60,62
FNA:30,6,_ZNK14COpenStreetMap15SImplementation5SNode14AttributeCountEv
FNL:31,64,69
FNA:31,4,_ZNK14COpenStreetMap15SImplementation5SNode15GetAttributeKeyB5cxx11Em
FNL:32,71,73
FNA:32,6,_ZNK14COpenStreetMap15SImplementation5SNode12HasAttributeERKNSt7__cxx1112basic_stringIcSt11char_traitsIcESaIcEEE
FNL:33,75,80
FNA:33,4,_ZNK14COpenStreetMap15SImplementation5SNode12GetAttributeERKNSt7__cxx1112basic_stringIcSt11char_traitsIcESaIcEEE
FNL:34,97,106
FNA:34,7,_ZN14COpenStreetMap15SImplementation4SWayC2ESt6vectorImSaImEEmS2_ISt4pairINSt7__cxx1112basic_stringIcSt11char_traitsIcESaIcEEESB_ESaISC_EE
FNF:35
FNH:35
DA:30,84
DA:35,12
DA:36,12
DA:37,12
DA:43,12
DA:44,12
DA:45,12
DA:47,12
DA:48,48
DA:50,12
DA:52,15
DA:53,15
DA:56,3
DA:57,3
DA:60,6
DA:61,6
DA:64,4
DA:65,4
DA:66,2
DA:68,2
DA:71,6
DA:72,6
DA:75,4
DA:76,4
DA:77,2
DA:79,2
DA:97,21
DA:99,7
DA:103,7
DA:104,7
DA:106,7
DA:108,14
DA:110,7
DA:112,10
DA:113,10
DA:116,3
DA:117,3
DA:120,4
DA:121,4
DA:122,1
DA:124,3
DA:127,3
DA:128,3
DA:131,3
DA:132,3
DA:133,2
DA:135,1
DA:138,2
DA:139,7
DA:140,6
DA:141,1
DA:144,1
DA:147,2
DA:148,6
DA:149,5
DA:150,1
DA:153,1
DA:158,7
DA:159,7
DA:160,9
DA:161,8
DA:162,6
DA:165,1
DA:166,7
DA:168,12
DA:169,12
DA:170,12
DA:171,12
DA:172,12
DA:175,0
DA:176,12
DA:181,7
DA:183,7
DA:186,7
DA:188,1
DA:192,75
DA:195,69
DA:196,69
DA:199,69
DA:200,12
DA:201,12
DA:202,12
DA:203,12
DA:204,12
DA:207,69
DA:209,7
DA:212,65
DA:213,0
DA:216,65
DA:218,15
DA:219,15
DA:222,65
DA:223,2
DA:225,4
DA:226,2
DA:228,2
DA:230,2
DA:232,4
DA:233,2
DA:235,2
DA:237,2
DA:238,2
DA:239,2
DA:241,65
DA:243,7
DA:244,7
DA:245,7
DA:247,7
DA:248,69
DA:249,6
DA:250,7
DA:252,105
DA:253,7
DA:254,7
DA:256,1
DA:257,1
DA:260,1
DA:261,1
DA:264,3
DA:265,3
DA:266,2
DA:268,1
DA:271,2
DA:272,2
DA:273,2
DA:274,1
DA:276,1
DA:279,3
DA:280,3
DA:281,2
DA:283,1
DA:286,3
DA:287,3
DA:288,3
DA:289,2
DA:291,1
DA:297,7
DA:298,7
DA:299,7
DA:301,7
DA:303,7
DA:305,1
DA:306,1
DA:309,1
DA:310,1
DA:313,3
DA:314,3
DA:317,2
DA:318,2
DA:321,3
DA:322,3
DA:325,3
DA:326,3
LF:153
LH:151
end_of_record
TN:
SF:/workspace/src/SVGWriter.cpp
FNL:0,102,104
FNA:0,2,_ZN10CSVGWriter9RectangleERK9SSVGPointRK8SSVGSizeRKSt6vectorISt4pairINSt7__cxx1112basic_stringIcSt11char_traitsIcESaIcEEESD_ESaISE_EE
FNL:1,106,108
FNA:1,2,_ZN10CSVGWriter4LineERK9SSVGPointS2_RKSt6vectorISt4pairINSt7__cxx1112basic_stringIcSt11char_traitsIcESaIcEEESA_ESaISB_EE
FNL:2,110,112
FNA:2,2,_ZN10CSVGWriter10SimplePathESt6vectorI9SSVGPointSaIS1_EERKS0_ISt4pairINSt7__cxx1112basic_stringIcSt11char_traitsIcESaIcEEESA_ESaISB_EE
FNL:3,114,116
FNA:3,2,_ZN10CSVGWriter10GroupBeginERKSt6vectorISt4pairINSt7__cxx1112basic_stringIcSt11char_traitsIcESaIcEEES7_ESaIS8_EE
FNL:4,118,120
FNA:4,2,_ZN10CSVGWriter8GroupEndEv
FNL:5,14,21
FNA:5,68,_ZN10CSVGWriter15SImplementation13WriteFunctionEPvPKc
FNL:6,24,27
FNA:6,7,_ZN10CSVGWriter15SImplementationC2ESt10shared_ptrI9CDataSinkEii
FNL:7,29,31
FNA:7,7,_ZN10CSVGWriter15SImplementationD2Ev
FNL:8,33,43
FNA:8,10,_ZN10CSVGWriter15SImplementation17CreateStyleStringERKSt6vectorISt4pairINSt7__cxx1112basic_stringIcSt11char_traitsIcESaIcEEES8_ESaIS9_EE
FNL:9,45,49
FNA:9,2,_ZN10CSVGWriter15SImplementation6CircleERK9SSVGPointdRKSt6vectorISt4pairINSt7__cxx1112basic_stringIcSt11char_traitsIcESaIcEEESB_ESaISC_EE
FNL:10,51,57
FNA:10,2,_ZN10CSVGWriter15SImplementation9RectangleERK9SSVGPointRK8SSVGSizeRKSt6vectorISt4pairINSt7__cxx1112basic_stringIcSt11char_traitsIcESaIcEEESE_ESaISF_EE
FNL:11,58,63
FNA:11,2,_ZN10CSVGWriter15SImplementation4LineERK9SSVGPointS3_RKSt6vectorISt4pairINSt7__cxx1112basic_stringIcSt11char_traitsIcESaIcEEESB_ESaISC_EE
FNL:12,65,76
FNA:12,2,_ZN10CSVGWriter15SImplementation10SimplePathESt6vectorI9SSVGPointSaIS2_EERKS1_ISt4pairINSt7__cxx1112basic_stringIcSt11char_traitsIcESaIcEEESB_ESaISC_EE
FNL:13,78,82
FNA:13,2,_ZN10CSVGWriter15SImplementation10GroupBeginERKSt6vectorISt4pairINSt7__cxx1112basic_stringIcSt11char_traitsIcESaIcEEES8_ESaIS9_EE
FNL:14,84,86
FNA:14,2,_ZN10CSVGWriter15SImplementation8GroupEndEv
FNL:15,90,92
FNA:15,7,_ZN10CSVGWriterC2ESt10shared_ptrI9CDataSinkEii
FNL:16,94,96
FNA:16,7,_ZN10CSVGWriterD2Ev
FNL:17,98,100
FNA:17,2,_ZN10CSVGWriter6CircleERK9SSVGPointdRKSt6vectorISt4pairINSt7__cxx1112basic_stringIcSt11char_traitsIcESaIcEEESA_ESaISB_EE
FNF:18
FNH:18
DA:14,68
DA:15,68
DA:16,2787
DA:17,2719
DA:18,2719
DA:20,68
DA:24,7
DA:25,7
DA:26,7
DA:27,7
DA:29,7
DA:30,7
DA:31,7
DA:33,10
DA:34,10
DA:35,34
DA:36,24
DA:37,24
DA:39,24
DA:40,24
DA:41,10
DA:42,10
DA:43,0
DA:45,2
DA:46,2
DA:47,2
DA:48,4
DA:49,2
DA:51,2
DA:52,2
DA:53,2
DA:54,2
DA:55,4
DA:57,2
DA:58,2
DA:59,2
DA:60,2
DA:61,2
DA:62,4
DA:63,2
DA:65,2
DA:66,2
DA:67,24
DA:68,12
DA:69,12
DA:70,12
DA:71,4
DA:73,10
DA:76,2
DA:78,2
DA:79,2
DA:80,4
DA:82,2
DA:84,2
DA:85,2
DA:90,7
DA:91,7
DA:92,7
DA:94,7
DA:96,7
DA:98,2
DA:99,2
DA:102,2
DA:103,2
DA:106,2
DA:107,2
DA:110,2
DA:111,2
DA:114,2
DA:115,2
DA:118,2
DA:119,2
LF:72
LH:71
end_of_record
TN:
SF:/workspace/src/StringDataSink.cpp
FNL:0,12,15
FNA:0,2,_ZN15CStringDataSink5WriteERKSt6vectorIcSaIcEE
FNL:1,3,5
FNA:1,49,_ZNK15CStringDataSink6StringB5cxx11Ev
FNL:2,7,10
FNA:2,1637,_ZN15CStringDataSink3PutERKc
FNF:3
FNH:3
DA:3,49
DA:4,49
DA:7,1637
DA:8,3274
DA:9,1637
DA:12,2
DA:13,4
DA:14,2
LF:8
LH:8
end_of_record
TN:
SF:/workspace/src/StringDataSource.cpp
FNL:0,11,18
FNA:0,6587,_ZN17CStringDataSource3GetERc
FNL:1,20,26
FNA:1,11,_ZN17CStringDataSource4PeekERc
FNL:2,28,40
FNA:2,29,_ZN17CStringDataSource4ReadERSt6vectorIcSaIcEEm
FNL:3,3,5
FNA:3,44,_ZN17CStringDataSourceC2ERKNSt7__cxx1112basic_stringIcSt11char_traitsIcESaIcEEE
FNL:4,7,9
FNA:4,121,_ZNK17CStringDataSource3EndEv
FNF:5
FNH:5
DA:3,44
DA:5,44
DA:7,121
DA:8,121
DA:11,6587
DA:12,6587
DA:13,6558
DA:14,6558
DA:15,6558
DA:17,29
DA:20,11
DA:21,11
DA:22,9
DA:23,9
DA:25,2
DA:28,29
DA:29,29
DA:30,6585
DA:32,6584
DA:33,6556
DA:36,28
DA:39,29
LF:22
LH:22
end_of_record
TN:
SF:/workspace/src/XMLBusSystem.cpp
FNL:0,101,101
FNA:0,0,_ZN13CXMLBusSystem15SImplementation5SPathD0Ev
FNA:0,4,_ZN13CXMLBusSystem15SImplementation5SPathD2Ev
FNL:1,103,106
FNA:1,2,_ZNK13CXMLBusSystem15SImplementation5SPath11StartNodeIDEv
FNL:2,107,110
FNA:2,2,_ZNK13CXMLBusSystem15SImplementation5SPath9EndNodeIDEv
FNL:3,111,114
FNA:3,2,_ZNK13CXMLBusSystem15SImplementation5SPath9NodeCountEv
FNL:4,115,121
FNA:4,3,_ZNK13CXMLBusSystem15SImplementation5SPath9GetNodeIDEm
FNL:5,126,134
FNA:5,26,_ZN13CXMLBusSystem15SImplementation12FindStartTagESt10shared_ptrI10CXMLReaderERKNSt7__cxx1112basic_stringIcSt11char_traitsIcESaIcEEE
FNL:6,136,144
FNA:6,25,_ZN13CXMLBusSystem15SImplementation10FindEndTagESt10shared_ptrI10CXMLReaderERKNSt7__cxx1112basic_stringIcSt11char_traitsIcESaIcEEE
FNL:7,150,157
FNA:7,25,_ZN13CXMLBusSystem15SImplementation9ParseStopESt10shared_ptrI10CXMLReaderERK10SXMLEntity
FNL:8,159,171
FNA:8,6,_ZN13CXMLBusSystem15SImplementation10ParseStopsESt10shared_ptrI10CXMLReaderE
FNL:9,177,196
FNA:9,8,_ZN13CXMLBusSystem15SImplementation10ParseRouteESt10shared_ptrI10CXMLReaderERK10SXMLEntity
FNL:10,199,213
FNA:10,4,_ZN13CXMLBusSystem15SImplementation11ParseRoutesESt10shared_ptrI10CXMLReaderE
FNL:11,218,237
FNA:11,4,_ZN13CXMLBusSystem15SImplementation9ParsePathESt10shared_ptrI10CXMLReaderERK10SXMLEntity
FNL:12,240,253
FNA:12,3,_ZN13CXMLBusSystem15SImplementation10ParsePathsESt10shared_ptrI10CXMLReaderE
FNL:13,255,276
FNA:13,9,_ZN13CXMLBusSystem15SImplementation14ParseBusSystemESt10shared_ptrI10CXMLReaderES3_
FNL:14,278,281
FNA:14,9,_ZN13CXMLBusSystem15SImplementationC2ESt10shared_ptrI10CXMLReaderES3_
FNL:15,283,285
FNA:15,5,_ZNK13CXMLBusSystem15SImplementation9StopCountEv
FNL:16,287,289
FNA:16,5,_ZNK13CXMLBusSystem15SImplementation10RouteCountEv
FNL:17,291,296
FNA:17,5,_ZNK13CXMLBusSystem15SImplementation11StopByIndexEm
FNL:18,298,305
FNA:18,4,_ZNK13CXMLBusSystem15SImplementation8StopByIDEm
FNL:19,307,312
FNA:19,5,_ZNK13CXMLBusSystem15SImplementation12RouteByIndexEm
FNL:20,314,321
FNA:20,5,_ZNK13CXMLBusSystem15SImplementation11RouteByNameERKNSt7__cxx1112basic_stringIcSt11char_traitsIcESaIcEEE
FNL:21,323,331
FNA:21,7,_ZNK13CXMLBusSystem15SImplementation13PathByStopIDsEmm
FNL:22,338,340
FNA:22,9,_ZN13CXMLBusSystemC2ESt10shared_ptrI10CXMLReaderES2_
FNL:23,342,344
FNA:23,0,_ZN13CXMLBusSystemD0Ev
FNA:23,9,_ZN13CXMLBusSystemD2Ev
FNL:24,346,348
FNA:24,5,_ZNK13CXMLBusSystem9StopCountEv
FNL:25,35,39
FNA:25,25,_ZN13CXMLBusSystem15SImplementation5SStopC2EmmRKNSt7__cxx1112basic_stringIcSt11char_traitsIcESaIcEEE
FNL:26,350,352
FNA:26,5,_ZNK13CXMLBusSystem10RouteCountEv
FNL:27,354,356
FNA:27,5,_ZNK13CXMLBusSystem11StopByIndexEm
FNL:28,358,360
FNA:28,4,_ZNK13CXMLBusSystem8StopByIDEm
FNL:29,362,364
FNA:29,5,_ZNK13CXMLBusSystem12RouteByIndexEm
FNL:30,366,368
FNA:30,5,_ZNK13CXMLBusSystem11RouteByNameERKNSt7__cxx1112basic_stringIcSt11char_traitsIcESaIcEEE
FNL:31,370,372
FNA:31,7,_ZNK13CXMLBusSystem13PathByStopIDsEmm
FNL:32,40,40
FNA:32,0,_ZN13CXMLBusSystem15SImplementation5SStopD0Ev
FNA:32,25,_ZN13CXMLBusSystem15SImplementation5SStopD2Ev
FNL:33,42,44
FNA:33,3,_ZNK13CXMLBusSystem15SImplementation5SStop2IDEv
FNL:34,46,48
FNA:34,3,_ZNK13CXMLBusSystem15SImplementation5SStop6NodeIDEv
FNL:35,50,52
FNA:35,4,_ZNK13CXMLBusSystem15SImplementation5SStop11DescriptionB5cxx11Ev
FNL:36,54,57
FNA:36,1,_ZN13CXMLBusSystem15SImplementation5SStop11DescriptionERKNSt7__cxx1112basic_stringIcSt11char_traitsIcESaIcEEE
FNL:37,65,68
FNA:37,8,_ZN13CXMLBusSystem15SImplementation6SRouteC2ENSt7__cxx1112basic_stringIcSt11char_traitsIcESaIcEEESt6vectorImSaImEE
FNL:38,70,70
FNA:38,0,_ZN13CXMLBusSystem15SImplementation6SRouteD0Ev
FNA:38,8,_ZN13CXMLBusSystem15SImplementation6SRouteD2Ev
FNL:39,72,75
FNA:39,3,_ZNK13CXMLBusSystem15SImplementation6SRoute4NameB5cxx11Ev
FNL:40,76,79
FNA:40,3,_ZNK13CXMLBusSystem15SImplementation6SRoute9StopCountEv
FNL:41,80,86
FNA:41,4,_ZNK13CXMLBusSystem15SImplementation6SRoute9GetStopIDEm
FNL:42,95,99
FNA:42,4,_ZN13CXMLBusSystem15SImplementation5SPathC2EmmSt6vectorImSaImEE
FNF:43
FNH:43
DA:35,25
DA:36,25
DA:37,25
DA:38,25
DA:39,25
DA:40,25
DA:42,3
DA:43,3
DA:46,3
DA:47,3
DA:50,4
DA:51,4
DA:54,1
DA:55,1
DA:56,1
DA:65,8
DA:66,8
DA:67,8
DA:68,8
DA:70,8
DA:72,3
DA:73,3
DA:76,3
DA:77,3
DA:80,4
DA:81,4
DA:82,1
DA:84,3
DA:95,4
DA:96,4
DA:97,4
DA:98,4
DA:99,4
DA:101,4
DA:103,2
DA:104,2
DA:107,2
DA:108,2
DA:111,2
DA:112,2
DA:115,3
DA:116,3
DA:117,1
DA:119,2
DA:126,26
DA:127,26
DA:128,37
DA:129,31
DA:130,20
DA:133,6
DA:134,26
DA:136,25
DA:137,25
DA:138,25
DA:139,25
DA:140,25
DA:143,0
DA:144,25
DA:150,25
DA:151,25
DA:152,25
DA:153,25
DA:154,25
DA:155,25
DA:156,25
DA:157,25
DA:159,6
DA:160,6
DA:163,38
DA:164,1
DA:167,37
DA:168,25
DA:170,37
DA:171,6
DA:177,8
DA:178,8
DA:179,8
DA:180,8
DA:184,66
DA:185,0
DA:187,66
DA:188,29
DA:189,29
DA:191,66
DA:193,8
DA:194,8
DA:195,8
DA:196,8
DA:199,4
DA:200,4
DA:203,12
DA:205,0
DA:208,12
DA:209,8
DA:212,12
DA:213,4
DA:218,4
DA:219,4
DA:220,4
DA:221,4
DA:222,4
DA:225,52
DA:226,0
DA:228,52
DA:229,18
DA:230,18
DA:232,52
DA:234,4
DA:235,4
DA:236,4
DA:237,4
DA:240,3
DA:241,3
DA:244,10
DA:245,0
DA:247,10
DA:248,4
DA:250,10
DA:253,3
DA:255,9
DA:256,9
DA:257,9
DA:258,2
DA:260,7
DA:261,1
DA:263,6
DA:265,6
DA:266,2
DA:268,4
DA:270,4
DA:271,1
DA:273,3
DA:275,3
DA:276,9
DA:278,315
DA:279,9
DA:281,9
DA:283,5
DA:284,5
DA:287,5
DA:288,5
DA:291,5
DA:292,5
DA:293,1
DA:295,4
DA:298,4
DA:299,4
DA:300,4
DA:301,1
DA:303,3
DA:307,5
DA:308,5
DA:309,1
DA:311,4
DA:314,5
DA:315,5
DA:316,5
DA:317,1
DA:319,4
DA:323,7
DA:324,7
DA:325,7
DA:326,7
DA:327,4
DA:329,3
DA:331,7
DA:338,9
DA:339,9
DA:340,9
DA:342,9
DA:344,9
DA:346,5
DA:347,5
DA:350,5
DA:351,5
DA:354,5
DA:355,5
DA:358,4
DA:359,4
DA:362,5
DA:363,5
DA:366,5
DA:367,5
DA:370,7
DA:371,7
LF:185
LH:180
end_of_record
TN:
SF:/workspace/src/XMLReader.cpp
FNL:0,10,20
FNA:0,157,_ZN10CXMLReader15SImplementation19StartElementHandlerEPvPKcPS3_
FNL:1,22,29
FNA:1,155,_ZN10CXMLReader15SImplementation17EndElementHandlerEPvPKc
FNL:2,30,39
FNA:2,254,_ZN10CXMLReader15SImplementation20CharacterDataHandlerEPvPKci
FNL:3,41,49
FNA:3,33,_ZN10CXMLReader15SImplementationC2ESt10shared_ptrI11CDataSourceE
FNL:4,51,53
FNA:4,33,_ZN10CXMLReader15SImplementationD2Ev
FNL:5,56,59
FNA:5,33,_ZN10CXMLReaderC2ESt10shared_ptrI11CDataSourceE
FNL:6,61,63
FNA:6,33,_ZN10CXMLReaderD2Ev
FNL:7,65,67
FNA:7,414,_ZNK10CXMLReader3EndEv
FNL:8,69,95
FNA:8,414,_ZN10CXMLReader10ReadEntityER10SXMLEntityb
FNF:9
FNH:9
DA:10,157
DA:11,157
DA:12,157
DA:13,157
DA:14,157
DA:16,372
DA:17,215
DA:19,157
DA:20,157
DA:22,155
DA:23,155
DA:24,155
DA:25,155
DA:26,155
DA:28,155
DA:29,155
DA:30,254
DA:31,254
DA:32,254
DA:34,254
DA:35,508
DA:36,254
DA:38,254
DA:39,254
DA:41,33
DA:42,33
DA:43,33
DA:45,33
DA:46,33
DA:47,33
DA:48,33
DA:49,33
DA:51,33
DA:52,33
DA:53,33
DA:56,33
DA:57,33
DA:59,33
DA:61,33
DA:63,33
DA:65,414
DA:66,414
DA:69,414
DA:70,414
DA:71,15
DA:73,399
DA:74,373
DA:75,373
DA:77,373
DA:78,152
DA:79,152
DA:81,373
DA:83,52
DA:84,26
DA:85,26
DA:86,26
DA:87,26
DA:88,26
DA:89,26
DA:90,25
DA:91,25
DA:92,25
DA:94,1
LF:63
LH:63
end_of_record
TN:
SF:/workspace/src/svg.c
FNL:0,102,129
FNA:0,5,svg_rect
FNL:1,131,154
FNA:1,4,svg_line
FNL:2,157,168
FNA:2,2,svg_group_begin
FNL:3,170,173
FNA:3,1,svg_group_end
FNL:4,25,59
FNA:4,16,svg_create
FNL:5,61,69
FNA:5,14,svg_destroy
FNL:6,72,99
FNA:6,5,svg_circle
FNF:7
FNH:7
DA:25,16
DA:30,16
DA:31,16
DA:32,16
DA:33,16
DA:35,16
DA:36,1
DA:38,15
DA:39,1
DA:42,14
DA:43,1
DA:46,13
DA:48,13
DA:49,13
DA:52,13
DA:53,13
DA:54,13
DA:55,13
DA:57,13
DA:61,14
DA:63,14
DA:64,13
DA:65,13
DA:66,13
DA:68,1
DA:72,5
DA:77,5
DA:78,1
DA:80,4
DA:81,1
DA:83,3
DA:84,1
DA:86,2
DA:87,1
DA:89,1
DA:90,1
DA:91,1
DA:92,1
DA:93,1
DA:94,1
DA:95,1
DA:96,1
DA:98,1
DA:102,5
DA:107,5
DA:108,1
DA:110,4
DA:111,1
DA:113,3
DA:114,1
DA:116,2
DA:117,1
DA:119,1
DA:120,1
DA:121,1
DA:122,1
DA:123,1
DA:124,1
DA:125,1
DA:126,1
DA:128,1
DA:131,4
DA:135,4
DA:136,1
DA:138,3
DA:139,1
DA:141,2
DA:142,1
DA:144,1
DA:145,1
DA:146,1
DA:147,1
DA:148,1
DA:149,1
DA:150,1
DA:151,1
DA:153,1
DA:157,2
DA:159,2
DA:160,1
DA:162,1
DA:163,1
DA:164,1
DA:165,1
DA:166,1
DA:167,1
DA:170,1
DA:172,1
LF:88
LH:88
end_of_record
