TN:
SF:/workspace/include/DataSink.h
FNL:0,8,8
FNA:0,0,_ZN9CDataSinkD0Ev
FNA:0,6,_ZN9CDataSinkD2Ev
FNF:1
FNH:1
DA:8,6
LF:1
LH:1
end_of_record
TN:
SF:/workspace/src/StringDataSink.cpp
FNL:0,12,15
FNA:0,4,_ZN15CStringDataSink5WriteERKSt6vectorIcSaIcEE
FNL:1,3,5
FNA:1,12,_ZNK15CStringDataSink6StringB5cxx11Ev
FNL:2,7,10
FNA:2,10,_ZN15CStringDataSink3PutERKc
FNF:3
FNH:3
DA:3,12
DA:4,12
DA:7,10
DA:8,20
DA:9,10
DA:12,4
DA:13,8
DA:14,4
LF:8
LH:8
end_of_record
TN:
SF:/workspace/src/svg.c
FNL:0,103,130
FNA:0,5,svg_rect
FNL:1,132,155
FNA:1,4,svg_line
FNL:2,158,169
FNA:2,2,svg_group_begin
FNL:3,171,174
FNA:3,1,svg_group_end
FNL:4,25,60
FNA:4,15,svg_create
FNL:5,62,70
FNA:5,14,svg_destroy
FNL:6,73,100
FNA:6,5,svg_circle
FNF:7
FNH:7
DA:25,15
DA:30,15
DA:31,15
DA:32,15
DA:33,15
DA:35,15
DA:36,1
DA:38,14
DA:39,1
DA:46,13
DA:48,13
DA:49,13
DA:52,13
DA:53,13
DA:54,13
DA:55,13
DA:56,13
DA:58,13
DA:62,14
DA:64,14
DA:65,13
DA:66,13
DA:67,13
DA:69,1
DA:73,5
DA:78,5
DA:79,1
DA:81,4
DA:82,1
DA:84,3
DA:85,1
DA:87,2
DA:88,1
DA:90,1
DA:91,1
DA:92,1
DA:93,1
DA:94,1
DA:95,1
DA:96,1
DA:97,1
DA:99,1
DA:103,5
DA:108,5
DA:109,1
DA:111,4
DA:112,1
DA:114,3
DA:115,1
DA:117,2
DA:118,1
DA:120,1
DA:121,1
DA:122,1
DA:123,1
DA:124,1
DA:125,1
DA:126,1
DA:127,1
DA:129,1
DA:132,4
DA:136,4
DA:137,1
DA:139,3
DA:140,1
DA:142,2
DA:143,1
DA:145,1
DA:146,1
DA:147,1
DA:148,1
DA:149,1
DA:150,1
DA:151,1
DA:152,1
DA:154,1
DA:158,2
DA:160,2
DA:161,1
DA:163,1
DA:164,1
DA:165,1
DA:166,1
DA:167,1
DA:168,1
DA:171,1
DA:173,1
LF:87
LH:87
end_of_record
